{"F:\\engym-project\\frontend\\src\\vite-env.d.ts": {"path":"F:\\engym-project\\frontend\\src\\vite-env.d.ts","statementMap":{},"fnMap":{},"branchMap":{},"s":{},"f":{},"b":{}}
,"F:\\engym-project\\frontend\\src\\features\\store.ts": {"path":"F:\\engym-project\\frontend\\src\\features\\store.ts","statementMap":{"0":{"start":{"line":1,"column":0},"end":{"line":1,"column":50}},"1":{"start":{"line":2,"column":0},"end":{"line":2,"column":67}},"2":{"start":{"line":3,"column":0},"end":{"line":3,"column":46}},"3":{"start":{"line":4,"column":0},"end":{"line":4,"column":43}},"4":{"start":{"line":5,"column":0},"end":{"line":5,"column":80}},"5":{"start":{"line":6,"column":0},"end":{"line":6,"column":77}},"6":{"start":{"line":8,"column":14},"end":{"line":19,"column":2}},"7":{"start":{"line":21,"column":0},"end":{"line":21,"column":21}}},"fnMap":{},"branchMap":{},"s":{"0":0,"1":0,"2":0,"3":0,"4":0,"5":0,"6":0,"7":0},"f":{},"b":{}}
,"F:\\engym-project\\frontend\\src\\features\\Auth\\AuthActions.ts": {"path":"F:\\engym-project\\frontend\\src\\features\\Auth\\AuthActions.ts","statementMap":{"0":{"start":{"line":1,"column":0},"end":{"line":1,"column":52}},"1":{"start":{"line":2,"column":0},"end":{"line":2,"column":26}},"2":{"start":{"line":5,"column":13},"end":{"line":41,"column":2}},"3":{"start":{"line":11,"column":79},"end":{"line":40,"column":null}},"4":{"start":{"line":12,"column":8},"end":{"line":39,"column":9}},"5":{"start":{"line":13,"column":29},"end":{"line":20,"column":null}},"6":{"start":{"line":23,"column":25},"end":{"line":23,"column":38}},"7":{"start":{"line":25,"column":12},"end":{"line":25,"column":50}},"8":{"start":{"line":27,"column":12},"end":{"line":27,"column":24}},"9":{"start":{"line":29,"column":12},"end":{"line":29,"column":50}},"10":{"start":{"line":30,"column":12},"end":{"line":38,"column":13}},"11":{"start":{"line":31,"column":16},"end":{"line":35,"column":17}},"12":{"start":{"line":32,"column":20},"end":{"line":32,"column":88}},"13":{"start":{"line":34,"column":20},"end":{"line":34,"column":60}},"14":{"start":{"line":37,"column":16},"end":{"line":37,"column":77}},"15":{"start":{"line":43,"column":13},"end":{"line":79,"column":3}},"16":{"start":{"line":47,"column":67},"end":{"line":79,"column":2}},"17":{"start":{"line":48,"column":4},"end":{"line":78,"column":5}},"18":{"start":{"line":49,"column":23},"end":{"line":53,"column":null}},"19":{"start":{"line":54,"column":25},"end":{"line":57,"column":null}},"20":{"start":{"line":59,"column":8},"end":{"line":61,"column":9}},"21":{"start":{"line":60,"column":12},"end":{"line":60,"column":47}},"22":{"start":{"line":63,"column":8},"end":{"line":63,"column":54}},"23":{"start":{"line":64,"column":8},"end":{"line":64,"column":20}},"24":{"start":{"line":66,"column":8},"end":{"line":66,"column":43}},"25":{"start":{"line":67,"column":8},"end":{"line":77,"column":9}},"26":{"start":{"line":68,"column":12},"end":{"line":74,"column":13}},"27":{"start":{"line":69,"column":16},"end":{"line":69,"column":69}},"28":{"start":{"line":70,"column":19},"end":{"line":74,"column":13}},"29":{"start":{"line":71,"column":16},"end":{"line":71,"column":87}},"30":{"start":{"line":73,"column":16},"end":{"line":73,"column":56}},"31":{"start":{"line":76,"column":12},"end":{"line":76,"column":73}}},"fnMap":{"0":{"name":"(anonymous_7)","decl":{"start":{"line":11,"column":4},"end":{"line":11,"column":11}},"loc":{"start":{"line":11,"column":79},"end":{"line":40,"column":null}}},"1":{"name":"(anonymous_8)","decl":{"start":{"line":11,"column":79},"end":{"line":11,"column":null}},"loc":{"start":{"line":11,"column":75},"end":{"line":40,"column":5}}},"2":{"name":"(anonymous_9)","decl":{"start":{"line":47,"column":16},"end":{"line":47,"column":23}},"loc":{"start":{"line":47,"column":67},"end":{"line":79,"column":2}}},"3":{"name":"(anonymous_10)","decl":{"start":{"line":47,"column":67},"end":{"line":47,"column":null}},"loc":{"start":{"line":47,"column":63},"end":{"line":79,"column":1}}}},"branchMap":{"0":{"loc":{"start":{"line":30,"column":12},"end":{"line":38,"column":13}},"type":"if","locations":[{"start":{"line":30,"column":12},"end":{"line":38,"column":13}},{"start":{"line":36,"column":19},"end":{"line":38,"column":13}}]},"1":{"loc":{"start":{"line":31,"column":16},"end":{"line":35,"column":17}},"type":"if","locations":[{"start":{"line":31,"column":16},"end":{"line":35,"column":17}},{"start":{"line":33,"column":23},"end":{"line":35,"column":17}}]},"2":{"loc":{"start":{"line":37,"column":39},"end":{"line":37,"column":75}},"type":"binary-expr","locations":[{"start":{"line":37,"column":39},"end":{"line":37,"column":52}},{"start":{"line":37,"column":56},"end":{"line":37,"column":75}}]},"3":{"loc":{"start":{"line":59,"column":8},"end":{"line":61,"column":9}},"type":"if","locations":[{"start":{"line":59,"column":8},"end":{"line":61,"column":9}}]},"4":{"loc":{"start":{"line":67,"column":8},"end":{"line":77,"column":9}},"type":"if","locations":[{"start":{"line":67,"column":8},"end":{"line":77,"column":9}},{"start":{"line":75,"column":15},"end":{"line":77,"column":9}}]},"5":{"loc":{"start":{"line":68,"column":12},"end":{"line":74,"column":13}},"type":"if","locations":[{"start":{"line":68,"column":12},"end":{"line":74,"column":13}},{"start":{"line":70,"column":19},"end":{"line":74,"column":13}}]},"6":{"loc":{"start":{"line":70,"column":19},"end":{"line":74,"column":13}},"type":"if","locations":[{"start":{"line":70,"column":19},"end":{"line":74,"column":13}},{"start":{"line":72,"column":19},"end":{"line":74,"column":13}}]},"7":{"loc":{"start":{"line":76,"column":35},"end":{"line":76,"column":71}},"type":"binary-expr","locations":[{"start":{"line":76,"column":35},"end":{"line":76,"column":48}},{"start":{"line":76,"column":52},"end":{"line":76,"column":71}}]}},"s":{"0":0,"1":0,"2":0,"3":0,"4":0,"5":0,"6":0,"7":0,"8":0,"9":0,"10":0,"11":0,"12":0,"13":0,"14":0,"15":0,"16":0,"17":0,"18":0,"19":0,"20":0,"21":0,"22":0,"23":0,"24":0,"25":0,"26":0,"27":0,"28":0,"29":0,"30":0,"31":0},"f":{"0":0,"1":0,"2":0,"3":0},"b":{"0":[0,0],"1":[0,0],"2":[0,0],"3":[0],"4":[0,0],"5":[0,0],"6":[0,0],"7":[0,0]}}
,"F:\\engym-project\\frontend\\src\\features\\Auth\\AuthSLice.ts": {"path":"F:\\engym-project\\frontend\\src\\features\\Auth\\AuthSLice.ts","statementMap":{"0":{"start":{"line":1,"column":0},"end":{"line":1,"column":47}},"1":{"start":{"line":2,"column":0},"end":{"line":2,"column":54}},"2":{"start":{"line":5,"column":18},"end":{"line":7,"column":10}},"3":{"start":{"line":16,"column":27},"end":{"line":21,"column":2}},"4":{"start":{"line":25,"column":24},"end":{"line":47,"column":2}},"5":{"start":{"line":31,"column":12},"end":{"line":34,"column":null}},"6":{"start":{"line":32,"column":16},"end":{"line":32,"column":37}},"7":{"start":{"line":33,"column":16},"end":{"line":33,"column":35}},"8":{"start":{"line":36,"column":12},"end":{"line":40,"column":null}},"9":{"start":{"line":37,"column":16},"end":{"line":37,"column":38}},"10":{"start":{"line":38,"column":16},"end":{"line":38,"column":35}},"11":{"start":{"line":39,"column":16},"end":{"line":39,"column":48}},"12":{"start":{"line":42,"column":12},"end":{"line":45,"column":null}},"13":{"start":{"line":43,"column":16},"end":{"line":43,"column":38}},"14":{"start":{"line":44,"column":16},"end":{"line":44,"column":45}},"15":{"start":{"line":86,"column":25},"end":{"line":86,"column":40}},"16":{"start":{"line":48,"column":23},"end":{"line":77,"column":2}},"17":{"start":{"line":53,"column":12},"end":{"line":53,"column":34}},"18":{"start":{"line":54,"column":12},"end":{"line":54,"column":35}},"19":{"start":{"line":55,"column":12},"end":{"line":55,"column":49}},"20":{"start":{"line":60,"column":12},"end":{"line":63,"column":null}},"21":{"start":{"line":61,"column":16},"end":{"line":61,"column":37}},"22":{"start":{"line":62,"column":16},"end":{"line":62,"column":35}},"23":{"start":{"line":65,"column":12},"end":{"line":70,"column":null}},"24":{"start":{"line":66,"column":16},"end":{"line":66,"column":38}},"25":{"start":{"line":67,"column":16},"end":{"line":67,"column":35}},"26":{"start":{"line":68,"column":16},"end":{"line":68,"column":48}},"27":{"start":{"line":69,"column":16},"end":{"line":69,"column":55}},"28":{"start":{"line":72,"column":12},"end":{"line":75,"column":null}},"29":{"start":{"line":73,"column":16},"end":{"line":73,"column":38}},"30":{"start":{"line":74,"column":16},"end":{"line":74,"column":45}},"31":{"start":{"line":86,"column":9},"end":{"line":86,"column":23}},"32":{"start":{"line":84,"column":15},"end":{"line":84,"column":49}}},"fnMap":{"0":{"name":"(anonymous_0)","decl":{"start":{"line":30,"column":8},"end":{"line":30,"column":9}},"loc":{"start":{"line":30,"column":20},"end":{"line":46,"column":9}}},"1":{"name":"(anonymous_1)","decl":{"start":{"line":31,"column":48},"end":{"line":31,"column":49}},"loc":{"start":{"line":31,"column":58},"end":{"line":34,"column":13}}},"2":{"name":"(anonymous_2)","decl":{"start":{"line":36,"column":50},"end":{"line":36,"column":51}},"loc":{"start":{"line":36,"column":68},"end":{"line":40,"column":13}}},"3":{"name":"(anonymous_3)","decl":{"start":{"line":42,"column":49},"end":{"line":42,"column":50}},"loc":{"start":{"line":42,"column":67},"end":{"line":45,"column":13}}},"4":{"name":"(anonymous_4)","decl":{"start":{"line":52,"column":16},"end":{"line":52,"column":17}},"loc":{"start":{"line":52,"column":26},"end":{"line":56,"column":9}}},"5":{"name":"(anonymous_5)","decl":{"start":{"line":59,"column":8},"end":{"line":59,"column":9}},"loc":{"start":{"line":59,"column":20},"end":{"line":76,"column":9}}},"6":{"name":"(anonymous_6)","decl":{"start":{"line":60,"column":47},"end":{"line":60,"column":48}},"loc":{"start":{"line":60,"column":57},"end":{"line":63,"column":13}}},"7":{"name":"(anonymous_7)","decl":{"start":{"line":65,"column":49},"end":{"line":65,"column":50}},"loc":{"start":{"line":65,"column":67},"end":{"line":70,"column":13}}},"8":{"name":"(anonymous_8)","decl":{"start":{"line":72,"column":48},"end":{"line":72,"column":49}},"loc":{"start":{"line":72,"column":66},"end":{"line":75,"column":13}}}},"branchMap":{"0":{"loc":{"start":{"line":5,"column":18},"end":{"line":7,"column":10}},"type":"cond-expr","locations":[{"start":{"line":6,"column":6},"end":{"line":6,"column":39}},{"start":{"line":7,"column":6},"end":{"line":7,"column":10}}]}},"s":{"0":0,"1":0,"2":0,"3":0,"4":0,"5":0,"6":0,"7":0,"8":0,"9":0,"10":0,"11":0,"12":0,"13":0,"14":0,"15":0,"16":0,"17":0,"18":0,"19":0,"20":0,"21":0,"22":0,"23":0,"24":0,"25":0,"26":0,"27":0,"28":0,"29":0,"30":0,"31":0,"32":0},"f":{"0":0,"1":0,"2":0,"3":0,"4":0,"5":0,"6":0,"7":0,"8":0},"b":{"0":[0,0]}}
,"F:\\engym-project\\frontend\\src\\features\\Users\\CoachSlice.ts": {"path":"F:\\engym-project\\frontend\\src\\features\\Users\\CoachSlice.ts","statementMap":{"0":{"start":{"line":1,"column":0},"end":{"line":1,"column":65}},"1":{"start":{"line":2,"column":0},"end":{"line":2,"column":26}},"2":{"start":{"line":20,"column":35},"end":{"line":24,"column":2}},"3":{"start":{"line":26,"column":13},"end":{"line":48,"column":3}},"4":{"start":{"line":30,"column":59},"end":{"line":48,"column":2}},"5":{"start":{"line":31,"column":16},"end":{"line":31,"column":49}},"6":{"start":{"line":33,"column":2},"end":{"line":35,"column":3}},"7":{"start":{"line":34,"column":4},"end":{"line":34,"column":50}},"8":{"start":{"line":37,"column":2},"end":{"line":47,"column":3}},"9":{"start":{"line":38,"column":21},"end":{"line":42,"column":6}},"10":{"start":{"line":43,"column":4},"end":{"line":43,"column":25}},"11":{"start":{"line":45,"column":4},"end":{"line":45,"column":49}},"12":{"start":{"line":46,"column":4},"end":{"line":46,"column":80}},"13":{"start":{"line":50,"column":21},"end":{"line":71,"column":2}},"14":{"start":{"line":55,"column":4},"end":{"line":69,"column":9}},"15":{"start":{"line":57,"column":8},"end":{"line":57,"column":29}},"16":{"start":{"line":58,"column":8},"end":{"line":58,"column":27}},"17":{"start":{"line":61,"column":8},"end":{"line":61,"column":30}},"18":{"start":{"line":62,"column":8},"end":{"line":62,"column":27}},"19":{"start":{"line":63,"column":8},"end":{"line":63,"column":39}},"20":{"start":{"line":66,"column":8},"end":{"line":66,"column":30}},"21":{"start":{"line":68,"column":8},"end":{"line":68,"column":60}},"22":{"start":{"line":73,"column":0},"end":{"line":73,"column":28}}},"fnMap":{"0":{"name":"(anonymous_7)","decl":{"start":{"line":30,"column":26},"end":{"line":30,"column":33}},"loc":{"start":{"line":30,"column":59},"end":{"line":48,"column":2}}},"1":{"name":"(anonymous_8)","decl":{"start":{"line":30,"column":59},"end":{"line":30,"column":null}},"loc":{"start":{"line":30,"column":55},"end":{"line":48,"column":1}}},"2":{"name":"(anonymous_9)","decl":{"start":{"line":54,"column":17},"end":{"line":54,"column":18}},"loc":{"start":{"line":54,"column":29},"end":{"line":70,"column":3}}},"3":{"name":"(anonymous_10)","decl":{"start":{"line":56,"column":37},"end":{"line":56,"column":38}},"loc":{"start":{"line":56,"column":47},"end":{"line":59,"column":7}}},"4":{"name":"(anonymous_11)","decl":{"start":{"line":60,"column":39},"end":{"line":60,"column":40}},"loc":{"start":{"line":60,"column":57},"end":{"line":64,"column":7}}},"5":{"name":"(anonymous_12)","decl":{"start":{"line":65,"column":38},"end":{"line":65,"column":39}},"loc":{"start":{"line":65,"column":56},"end":{"line":69,"column":7}}}},"branchMap":{"0":{"loc":{"start":{"line":33,"column":2},"end":{"line":35,"column":3}},"type":"if","locations":[{"start":{"line":33,"column":2},"end":{"line":35,"column":3}}]},"1":{"loc":{"start":{"line":46,"column":27},"end":{"line":46,"column":78}},"type":"binary-expr","locations":[{"start":{"line":46,"column":27},"end":{"line":46,"column":55}},{"start":{"line":46,"column":59},"end":{"line":46,"column":78}}]},"2":{"loc":{"start":{"line":46,"column":27},"end":{"line":46,"column":55}},"type":"cond-expr","locations":[{"start":{"line":46,"column":41},"end":{"line":46,"column":43}},{"start":{"line":46,"column":41},"end":{"line":46,"column":55}}]},"3":{"loc":{"start":{"line":46,"column":27},"end":{"line":46,"column":43}},"type":"binary-expr","locations":[{"start":{"line":46,"column":27},"end":{"line":46,"column":43}},{"start":{"line":46,"column":41},"end":{"line":46,"column":43}}]},"4":{"loc":{"start":{"line":68,"column":22},"end":{"line":68,"column":59}},"type":"binary-expr","locations":[{"start":{"line":68,"column":22},"end":{"line":68,"column":36}},{"start":{"line":68,"column":40},"end":{"line":68,"column":59}}]}},"s":{"0":0,"1":0,"2":0,"3":0,"4":0,"5":0,"6":0,"7":0,"8":0,"9":0,"10":0,"11":0,"12":0,"13":0,"14":0,"15":0,"16":0,"17":0,"18":0,"19":0,"20":0,"21":0,"22":0},"f":{"0":0,"1":0,"2":0,"3":0,"4":0,"5":0},"b":{"0":[0],"1":[0,0],"2":[0,0],"3":[0,0],"4":[0,0]}}
,"F:\\engym-project\\frontend\\src\\features\\Users\\UserActions.ts": {"path":"F:\\engym-project\\frontend\\src\\features\\Users\\UserActions.ts","statementMap":{"0":{"start":{"line":2,"column":0},"end":{"line":2,"column":52}},"1":{"start":{"line":3,"column":0},"end":{"line":3,"column":26}},"2":{"start":{"line":5,"column":13},"end":{"line":27,"column":3}},"3":{"start":{"line":9,"column":55},"end":{"line":27,"column":2}},"4":{"start":{"line":10,"column":16},"end":{"line":10,"column":49}},"5":{"start":{"line":12,"column":2},"end":{"line":14,"column":3}},"6":{"start":{"line":13,"column":4},"end":{"line":13,"column":50}},"7":{"start":{"line":16,"column":2},"end":{"line":26,"column":3}},"8":{"start":{"line":17,"column":21},"end":{"line":21,"column":6}},"9":{"start":{"line":22,"column":4},"end":{"line":22,"column":25}},"10":{"start":{"line":24,"column":4},"end":{"line":24,"column":47}},"11":{"start":{"line":25,"column":4},"end":{"line":25,"column":80}},"12":{"start":{"line":29,"column":13},"end":{"line":62,"column":2}},"13":{"start":{"line":35,"column":57},"end":{"line":61,"column":null}},"14":{"start":{"line":36,"column":18},"end":{"line":36,"column":51}},"15":{"start":{"line":38,"column":4},"end":{"line":40,"column":5}},"16":{"start":{"line":39,"column":6},"end":{"line":39,"column":52}},"17":{"start":{"line":42,"column":4},"end":{"line":60,"column":5}},"18":{"start":{"line":43,"column":23},"end":{"line":50,"column":null}},"19":{"start":{"line":53,"column":6},"end":{"line":53,"column":27}},"20":{"start":{"line":55,"column":6},"end":{"line":55,"column":54}},"21":{"start":{"line":56,"column":6},"end":{"line":59,"column":8}}},"fnMap":{"0":{"name":"(anonymous_7)","decl":{"start":{"line":9,"column":22},"end":{"line":9,"column":29}},"loc":{"start":{"line":9,"column":55},"end":{"line":27,"column":2}}},"1":{"name":"(anonymous_8)","decl":{"start":{"line":9,"column":55},"end":{"line":9,"column":null}},"loc":{"start":{"line":9,"column":51},"end":{"line":27,"column":1}}},"2":{"name":"(anonymous_9)","decl":{"start":{"line":35,"column":2},"end":{"line":35,"column":9}},"loc":{"start":{"line":35,"column":57},"end":{"line":61,"column":null}}},"3":{"name":"(anonymous_10)","decl":{"start":{"line":35,"column":57},"end":{"line":35,"column":null}},"loc":{"start":{"line":35,"column":53},"end":{"line":61,"column":3}}}},"branchMap":{"0":{"loc":{"start":{"line":12,"column":2},"end":{"line":14,"column":3}},"type":"if","locations":[{"start":{"line":12,"column":2},"end":{"line":14,"column":3}}]},"1":{"loc":{"start":{"line":25,"column":27},"end":{"line":25,"column":78}},"type":"binary-expr","locations":[{"start":{"line":25,"column":27},"end":{"line":25,"column":55}},{"start":{"line":25,"column":59},"end":{"line":25,"column":78}}]},"2":{"loc":{"start":{"line":25,"column":27},"end":{"line":25,"column":55}},"type":"cond-expr","locations":[{"start":{"line":25,"column":41},"end":{"line":25,"column":43}},{"start":{"line":25,"column":41},"end":{"line":25,"column":55}}]},"3":{"loc":{"start":{"line":25,"column":27},"end":{"line":25,"column":43}},"type":"binary-expr","locations":[{"start":{"line":25,"column":27},"end":{"line":25,"column":43}},{"start":{"line":25,"column":41},"end":{"line":25,"column":43}}]},"4":{"loc":{"start":{"line":38,"column":4},"end":{"line":40,"column":5}},"type":"if","locations":[{"start":{"line":38,"column":4},"end":{"line":40,"column":5}}]},"5":{"loc":{"start":{"line":57,"column":8},"end":{"line":58,"column":53}},"type":"binary-expr","locations":[{"start":{"line":57,"column":8},"end":{"line":57,"column":36}},{"start":{"line":58,"column":10},"end":{"line":58,"column":53}}]},"6":{"loc":{"start":{"line":57,"column":8},"end":{"line":57,"column":36}},"type":"cond-expr","locations":[{"start":{"line":57,"column":22},"end":{"line":57,"column":24}},{"start":{"line":57,"column":22},"end":{"line":57,"column":36}}]},"7":{"loc":{"start":{"line":57,"column":8},"end":{"line":57,"column":24}},"type":"binary-expr","locations":[{"start":{"line":57,"column":8},"end":{"line":57,"column":24}},{"start":{"line":57,"column":22},"end":{"line":57,"column":24}}]}},"s":{"0":0,"1":0,"2":0,"3":0,"4":0,"5":0,"6":0,"7":0,"8":0,"9":0,"10":0,"11":0,"12":0,"13":0,"14":0,"15":0,"16":0,"17":0,"18":0,"19":0,"20":0,"21":0},"f":{"0":0,"1":0,"2":0,"3":0},"b":{"0":[0],"1":[0,0],"2":[0,0],"3":[0,0],"4":[0],"5":[0,0],"6":[0,0],"7":[0,0]}}
,"F:\\engym-project\\frontend\\src\\features\\Users\\UserSlice.ts": {"path":"F:\\engym-project\\frontend\\src\\features\\Users\\UserSlice.ts","statementMap":{"0":{"start":{"line":1,"column":0},"end":{"line":1,"column":47}},"1":{"start":{"line":2,"column":0},"end":{"line":2,"column":59}},"2":{"start":{"line":20,"column":33},"end":{"line":24,"column":2}},"3":{"start":{"line":28,"column":19},"end":{"line":63,"column":2}},"4":{"start":{"line":33,"column":4},"end":{"line":61,"column":9}},"5":{"start":{"line":35,"column":8},"end":{"line":35,"column":29}},"6":{"start":{"line":36,"column":8},"end":{"line":36,"column":27}},"7":{"start":{"line":39,"column":8},"end":{"line":39,"column":30}},"8":{"start":{"line":40,"column":8},"end":{"line":40,"column":27}},"9":{"start":{"line":41,"column":8},"end":{"line":41,"column":37}},"10":{"start":{"line":44,"column":8},"end":{"line":44,"column":30}},"11":{"start":{"line":45,"column":8},"end":{"line":45,"column":60}},"12":{"start":{"line":48,"column":8},"end":{"line":48,"column":27}},"13":{"start":{"line":51,"column":28},"end":{"line":51,"column":42}},"14":{"start":{"line":52,"column":22},"end":{"line":53,"column":null}},"15":{"start":{"line":53,"column":20},"end":{"line":53,"column":46}},"16":{"start":{"line":55,"column":8},"end":{"line":57,"column":9}},"17":{"start":{"line":56,"column":10},"end":{"line":56,"column":53}},"18":{"start":{"line":60,"column":8},"end":{"line":60,"column":60}},"19":{"start":{"line":65,"column":0},"end":{"line":65,"column":26}}},"fnMap":{"0":{"name":"(anonymous_0)","decl":{"start":{"line":32,"column":17},"end":{"line":32,"column":18}},"loc":{"start":{"line":32,"column":29},"end":{"line":62,"column":3}}},"1":{"name":"(anonymous_1)","decl":{"start":{"line":34,"column":35},"end":{"line":34,"column":36}},"loc":{"start":{"line":34,"column":45},"end":{"line":37,"column":7}}},"2":{"name":"(anonymous_2)","decl":{"start":{"line":38,"column":37},"end":{"line":38,"column":38}},"loc":{"start":{"line":38,"column":55},"end":{"line":42,"column":7}}},"3":{"name":"(anonymous_3)","decl":{"start":{"line":43,"column":36},"end":{"line":43,"column":37}},"loc":{"start":{"line":43,"column":54},"end":{"line":46,"column":7}}},"4":{"name":"(anonymous_4)","decl":{"start":{"line":47,"column":39},"end":{"line":47,"column":40}},"loc":{"start":{"line":47,"column":49},"end":{"line":49,"column":7}}},"5":{"name":"(anonymous_5)","decl":{"start":{"line":50,"column":41},"end":{"line":50,"column":42}},"loc":{"start":{"line":50,"column":59},"end":{"line":58,"column":7}}},"6":{"name":"(anonymous_6)","decl":{"start":{"line":53,"column":10},"end":{"line":53,"column":11}},"loc":{"start":{"line":53,"column":20},"end":{"line":53,"column":46}}},"7":{"name":"(anonymous_7)","decl":{"start":{"line":59,"column":40},"end":{"line":59,"column":41}},"loc":{"start":{"line":59,"column":58},"end":{"line":61,"column":7}}}},"branchMap":{"0":{"loc":{"start":{"line":45,"column":22},"end":{"line":45,"column":59}},"type":"binary-expr","locations":[{"start":{"line":45,"column":22},"end":{"line":45,"column":36}},{"start":{"line":45,"column":40},"end":{"line":45,"column":59}}]},"1":{"loc":{"start":{"line":55,"column":8},"end":{"line":57,"column":9}},"type":"if","locations":[{"start":{"line":55,"column":8},"end":{"line":57,"column":9}}]},"2":{"loc":{"start":{"line":60,"column":22},"end":{"line":60,"column":59}},"type":"binary-expr","locations":[{"start":{"line":60,"column":22},"end":{"line":60,"column":36}},{"start":{"line":60,"column":40},"end":{"line":60,"column":59}}]}},"s":{"0":0,"1":0,"2":0,"3":0,"4":0,"5":0,"6":0,"7":0,"8":0,"9":0,"10":0,"11":0,"12":0,"13":0,"14":0,"15":0,"16":0,"17":0,"18":0,"19":0},"f":{"0":0,"1":0,"2":0,"3":0,"4":0,"5":0,"6":0,"7":0},"b":{"0":[0,0],"1":[0],"2":[0,0]}}
,"F:\\engym-project\\frontend\\src\\features\\Users\\SingleUser\\SingleUserAction.ts": {"path":"F:\\engym-project\\frontend\\src\\features\\Users\\SingleUser\\SingleUserAction.ts","statementMap":{"0":{"start":{"line":1,"column":0},"end":{"line":1,"column":52}},"1":{"start":{"line":3,"column":0},"end":{"line":3,"column":26}},"2":{"start":{"line":5,"column":13},"end":{"line":27,"column":3}},"3":{"start":{"line":9,"column":53},"end":{"line":27,"column":2}},"4":{"start":{"line":10,"column":18},"end":{"line":10,"column":51}},"5":{"start":{"line":12,"column":4},"end":{"line":14,"column":5}},"6":{"start":{"line":13,"column":8},"end":{"line":13,"column":54}},"7":{"start":{"line":16,"column":4},"end":{"line":26,"column":5}},"8":{"start":{"line":17,"column":25},"end":{"line":21,"column":10}},"9":{"start":{"line":22,"column":8},"end":{"line":22,"column":29}},"10":{"start":{"line":24,"column":8},"end":{"line":24,"column":50}},"11":{"start":{"line":25,"column":8},"end":{"line":25,"column":84}},"12":{"start":{"line":29,"column":13},"end":{"line":61,"column":2}},"13":{"start":{"line":35,"column":62},"end":{"line":60,"column":null}},"14":{"start":{"line":36,"column":22},"end":{"line":36,"column":55}},"15":{"start":{"line":38,"column":8},"end":{"line":40,"column":9}},"16":{"start":{"line":39,"column":12},"end":{"line":39,"column":58}},"17":{"start":{"line":42,"column":8},"end":{"line":59,"column":9}},"18":{"start":{"line":43,"column":29},"end":{"line":50,"column":null}},"19":{"start":{"line":52,"column":12},"end":{"line":52,"column":33}},"20":{"start":{"line":54,"column":12},"end":{"line":56,"column":13}},"21":{"start":{"line":55,"column":16},"end":{"line":55,"column":117}},"22":{"start":{"line":57,"column":12},"end":{"line":57,"column":60}},"23":{"start":{"line":58,"column":12},"end":{"line":58,"column":67}}},"fnMap":{"0":{"name":"(anonymous_7)","decl":{"start":{"line":9,"column":20},"end":{"line":9,"column":27}},"loc":{"start":{"line":9,"column":53},"end":{"line":27,"column":2}}},"1":{"name":"(anonymous_8)","decl":{"start":{"line":9,"column":53},"end":{"line":9,"column":null}},"loc":{"start":{"line":9,"column":49},"end":{"line":27,"column":1}}},"2":{"name":"(anonymous_9)","decl":{"start":{"line":35,"column":4},"end":{"line":35,"column":11}},"loc":{"start":{"line":35,"column":62},"end":{"line":60,"column":null}}},"3":{"name":"(anonymous_10)","decl":{"start":{"line":35,"column":62},"end":{"line":35,"column":null}},"loc":{"start":{"line":35,"column":58},"end":{"line":60,"column":5}}}},"branchMap":{"0":{"loc":{"start":{"line":12,"column":4},"end":{"line":14,"column":5}},"type":"if","locations":[{"start":{"line":12,"column":4},"end":{"line":14,"column":5}}]},"1":{"loc":{"start":{"line":25,"column":31},"end":{"line":25,"column":82}},"type":"binary-expr","locations":[{"start":{"line":25,"column":31},"end":{"line":25,"column":59}},{"start":{"line":25,"column":63},"end":{"line":25,"column":82}}]},"2":{"loc":{"start":{"line":25,"column":31},"end":{"line":25,"column":59}},"type":"cond-expr","locations":[{"start":{"line":25,"column":45},"end":{"line":25,"column":47}},{"start":{"line":25,"column":45},"end":{"line":25,"column":59}}]},"3":{"loc":{"start":{"line":25,"column":31},"end":{"line":25,"column":47}},"type":"binary-expr","locations":[{"start":{"line":25,"column":31},"end":{"line":25,"column":47}},{"start":{"line":25,"column":45},"end":{"line":25,"column":47}}]},"4":{"loc":{"start":{"line":38,"column":8},"end":{"line":40,"column":9}},"type":"if","locations":[{"start":{"line":38,"column":8},"end":{"line":40,"column":9}}]},"5":{"loc":{"start":{"line":54,"column":12},"end":{"line":56,"column":13}},"type":"if","locations":[{"start":{"line":54,"column":12},"end":{"line":56,"column":13}}]},"6":{"loc":{"start":{"line":55,"column":39},"end":{"line":55,"column":115}},"type":"binary-expr","locations":[{"start":{"line":55,"column":39},"end":{"line":55,"column":67}},{"start":{"line":55,"column":71},"end":{"line":55,"column":115}}]},"7":{"loc":{"start":{"line":55,"column":39},"end":{"line":55,"column":67}},"type":"cond-expr","locations":[{"start":{"line":55,"column":53},"end":{"line":55,"column":55}},{"start":{"line":55,"column":53},"end":{"line":55,"column":67}}]},"8":{"loc":{"start":{"line":55,"column":39},"end":{"line":55,"column":55}},"type":"binary-expr","locations":[{"start":{"line":55,"column":39},"end":{"line":55,"column":55}},{"start":{"line":55,"column":53},"end":{"line":55,"column":55}}]}},"s":{"0":0,"1":0,"2":0,"3":0,"4":0,"5":0,"6":0,"7":0,"8":0,"9":0,"10":0,"11":0,"12":0,"13":0,"14":0,"15":0,"16":0,"17":0,"18":0,"19":0,"20":0,"21":0,"22":0,"23":0},"f":{"0":0,"1":0,"2":0,"3":0},"b":{"0":[0],"1":[0,0],"2":[0,0],"3":[0,0],"4":[0],"5":[0],"6":[0,0],"7":[0,0],"8":[0,0]}}
,"F:\\engym-project\\frontend\\src\\features\\Users\\SingleUser\\SingleUserSLice.ts": {"path":"F:\\engym-project\\frontend\\src\\features\\Users\\SingleUser\\SingleUserSLice.ts","statementMap":{"0":{"start":{"line":1,"column":0},"end":{"line":1,"column":47}},"1":{"start":{"line":3,"column":0},"end":{"line":3,"column":63}},"2":{"start":{"line":7,"column":32},"end":{"line":11,"column":2}},"3":{"start":{"line":13,"column":48},"end":{"line":17,"column":2}},"4":{"start":{"line":20,"column":18},"end":{"line":40,"column":2}},"5":{"start":{"line":25,"column":4},"end":{"line":38,"column":9}},"6":{"start":{"line":27,"column":8},"end":{"line":27,"column":29}},"7":{"start":{"line":28,"column":8},"end":{"line":28,"column":27}},"8":{"start":{"line":31,"column":8},"end":{"line":31,"column":30}},"9":{"start":{"line":32,"column":8},"end":{"line":32,"column":27}},"10":{"start":{"line":33,"column":8},"end":{"line":33,"column":36}},"11":{"start":{"line":36,"column":8},"end":{"line":36,"column":30}},"12":{"start":{"line":37,"column":8},"end":{"line":37,"column":37}},"13":{"start":{"line":42,"column":24},"end":{"line":62,"column":2}},"14":{"start":{"line":47,"column":4},"end":{"line":60,"column":9}},"15":{"start":{"line":49,"column":8},"end":{"line":49,"column":29}},"16":{"start":{"line":50,"column":8},"end":{"line":50,"column":27}},"17":{"start":{"line":53,"column":8},"end":{"line":53,"column":30}},"18":{"start":{"line":54,"column":8},"end":{"line":54,"column":27}},"19":{"start":{"line":55,"column":8},"end":{"line":55,"column":42}},"20":{"start":{"line":58,"column":8},"end":{"line":58,"column":30}},"21":{"start":{"line":59,"column":8},"end":{"line":59,"column":37}},"22":{"start":{"line":65,"column":9},"end":{"line":65,"column":24}},"23":{"start":{"line":64,"column":0},"end":{"line":64,"column":25}}},"fnMap":{"0":{"name":"(anonymous_0)","decl":{"start":{"line":24,"column":17},"end":{"line":24,"column":18}},"loc":{"start":{"line":24,"column":29},"end":{"line":39,"column":3}}},"1":{"name":"(anonymous_1)","decl":{"start":{"line":26,"column":34},"end":{"line":26,"column":35}},"loc":{"start":{"line":26,"column":44},"end":{"line":29,"column":7}}},"2":{"name":"(anonymous_2)","decl":{"start":{"line":30,"column":36},"end":{"line":30,"column":37}},"loc":{"start":{"line":30,"column":54},"end":{"line":34,"column":7}}},"3":{"name":"(anonymous_3)","decl":{"start":{"line":35,"column":35},"end":{"line":35,"column":36}},"loc":{"start":{"line":35,"column":53},"end":{"line":38,"column":7}}},"4":{"name":"(anonymous_4)","decl":{"start":{"line":46,"column":17},"end":{"line":46,"column":18}},"loc":{"start":{"line":46,"column":29},"end":{"line":61,"column":3}}},"5":{"name":"(anonymous_5)","decl":{"start":{"line":48,"column":39},"end":{"line":48,"column":40}},"loc":{"start":{"line":48,"column":49},"end":{"line":51,"column":7}}},"6":{"name":"(anonymous_6)","decl":{"start":{"line":52,"column":41},"end":{"line":52,"column":42}},"loc":{"start":{"line":52,"column":59},"end":{"line":56,"column":7}}},"7":{"name":"(anonymous_7)","decl":{"start":{"line":57,"column":40},"end":{"line":57,"column":41}},"loc":{"start":{"line":57,"column":58},"end":{"line":60,"column":7}}}},"branchMap":{},"s":{"0":0,"1":0,"2":0,"3":0,"4":0,"5":0,"6":0,"7":0,"8":0,"9":0,"10":0,"11":0,"12":0,"13":0,"14":0,"15":0,"16":0,"17":0,"18":0,"19":0,"20":0,"21":0,"22":0,"23":0},"f":{"0":0,"1":0,"2":0,"3":0,"4":0,"5":0,"6":0,"7":0},"b":{}}
,"F:\\engym-project\\frontend\\src\\features\\WorkoutBooking\\WorkoutActions.ts": {"path":"F:\\engym-project\\frontend\\src\\features\\WorkoutBooking\\WorkoutActions.ts","statementMap":{"0":{"start":{"line":1,"column":0},"end":{"line":1,"column":52}},"1":{"start":{"line":3,"column":0},"end":{"line":3,"column":40}},"2":{"start":{"line":5,"column":13},"end":{"line":27,"column":3}},"3":{"start":{"line":9,"column":70},"end":{"line":27,"column":2}},"4":{"start":{"line":10,"column":16},"end":{"line":10,"column":49}},"5":{"start":{"line":12,"column":2},"end":{"line":14,"column":3}},"6":{"start":{"line":13,"column":4},"end":{"line":13,"column":56}},"7":{"start":{"line":16,"column":2},"end":{"line":26,"column":3}},"8":{"start":{"line":17,"column":21},"end":{"line":22,"column":6}},"9":{"start":{"line":23,"column":4},"end":{"line":23,"column":25}},"10":{"start":{"line":25,"column":4},"end":{"line":25,"column":79}},"11":{"start":{"line":29,"column":13},"end":{"line":51,"column":3}},"12":{"start":{"line":33,"column":58},"end":{"line":51,"column":2}},"13":{"start":{"line":34,"column":16},"end":{"line":34,"column":49}},"14":{"start":{"line":36,"column":2},"end":{"line":38,"column":3}},"15":{"start":{"line":37,"column":4},"end":{"line":37,"column":56}},"16":{"start":{"line":40,"column":2},"end":{"line":50,"column":3}},"17":{"start":{"line":41,"column":21},"end":{"line":46,"column":6}},"18":{"start":{"line":47,"column":4},"end":{"line":47,"column":25}},"19":{"start":{"line":49,"column":4},"end":{"line":49,"column":79}}},"fnMap":{"0":{"name":"(anonymous_7)","decl":{"start":{"line":9,"column":27},"end":{"line":9,"column":34}},"loc":{"start":{"line":9,"column":70},"end":{"line":27,"column":2}}},"1":{"name":"(anonymous_8)","decl":{"start":{"line":9,"column":70},"end":{"line":9,"column":null}},"loc":{"start":{"line":9,"column":66},"end":{"line":27,"column":1}}},"2":{"name":"(anonymous_9)","decl":{"start":{"line":33,"column":25},"end":{"line":33,"column":32}},"loc":{"start":{"line":33,"column":58},"end":{"line":51,"column":2}}},"3":{"name":"(anonymous_10)","decl":{"start":{"line":33,"column":58},"end":{"line":33,"column":null}},"loc":{"start":{"line":33,"column":54},"end":{"line":51,"column":1}}}},"branchMap":{"0":{"loc":{"start":{"line":12,"column":2},"end":{"line":14,"column":3}},"type":"if","locations":[{"start":{"line":12,"column":2},"end":{"line":14,"column":3}}]},"1":{"loc":{"start":{"line":25,"column":27},"end":{"line":25,"column":77}},"type":"binary-expr","locations":[{"start":{"line":25,"column":27},"end":{"line":25,"column":47}},{"start":{"line":25,"column":51},"end":{"line":25,"column":77}}]},"2":{"loc":{"start":{"line":25,"column":27},"end":{"line":25,"column":47}},"type":"cond-expr","locations":[{"start":{"line":25,"column":41},"end":{"line":25,"column":43}},{"start":{"line":25,"column":41},"end":{"line":25,"column":47}}]},"3":{"loc":{"start":{"line":25,"column":27},"end":{"line":25,"column":43}},"type":"binary-expr","locations":[{"start":{"line":25,"column":27},"end":{"line":25,"column":43}},{"start":{"line":25,"column":41},"end":{"line":25,"column":43}}]},"4":{"loc":{"start":{"line":36,"column":2},"end":{"line":38,"column":3}},"type":"if","locations":[{"start":{"line":36,"column":2},"end":{"line":38,"column":3}}]},"5":{"loc":{"start":{"line":49,"column":27},"end":{"line":49,"column":77}},"type":"binary-expr","locations":[{"start":{"line":49,"column":27},"end":{"line":49,"column":47}},{"start":{"line":49,"column":51},"end":{"line":49,"column":77}}]},"6":{"loc":{"start":{"line":49,"column":27},"end":{"line":49,"column":47}},"type":"cond-expr","locations":[{"start":{"line":49,"column":41},"end":{"line":49,"column":43}},{"start":{"line":49,"column":41},"end":{"line":49,"column":47}}]},"7":{"loc":{"start":{"line":49,"column":27},"end":{"line":49,"column":43}},"type":"binary-expr","locations":[{"start":{"line":49,"column":27},"end":{"line":49,"column":43}},{"start":{"line":49,"column":41},"end":{"line":49,"column":43}}]}},"s":{"0":0,"1":0,"2":0,"3":0,"4":0,"5":0,"6":0,"7":0,"8":0,"9":0,"10":0,"11":0,"12":0,"13":0,"14":0,"15":0,"16":0,"17":0,"18":0,"19":0},"f":{"0":0,"1":0,"2":0,"3":0},"b":{"0":[0],"1":[0,0],"2":[0,0],"3":[0,0],"4":[0],"5":[0,0],"6":[0,0],"7":[0,0]}}
,"F:\\engym-project\\frontend\\src\\features\\WorkoutBooking\\WorkoutSlice.ts": {"path":"F:\\engym-project\\frontend\\src\\features\\WorkoutBooking\\WorkoutSlice.ts","statementMap":{"0":{"start":{"line":1,"column":0},"end":{"line":1,"column":62}},"1":{"start":{"line":3,"column":0},"end":{"line":3,"column":67}},"2":{"start":{"line":5,"column":35},"end":{"line":9,"column":2}},"3":{"start":{"line":11,"column":49},"end":{"line":15,"column":2}},"4":{"start":{"line":17,"column":21},"end":{"line":40,"column":2}},"5":{"start":{"line":22,"column":4},"end":{"line":38,"column":null}},"6":{"start":{"line":25,"column":8},"end":{"line":25,"column":29}},"7":{"start":{"line":26,"column":8},"end":{"line":26,"column":27}},"8":{"start":{"line":31,"column":10},"end":{"line":31,"column":32}},"9":{"start":{"line":32,"column":10},"end":{"line":32,"column":47}},"10":{"start":{"line":36,"column":8},"end":{"line":36,"column":30}},"11":{"start":{"line":37,"column":8},"end":{"line":37,"column":37}},"12":{"start":{"line":42,"column":13},"end":{"line":62,"column":3}},"13":{"start":{"line":47,"column":4},"end":{"line":60,"column":9}},"14":{"start":{"line":49,"column":8},"end":{"line":49,"column":29}},"15":{"start":{"line":50,"column":8},"end":{"line":50,"column":27}},"16":{"start":{"line":53,"column":8},"end":{"line":53,"column":30}},"17":{"start":{"line":54,"column":8},"end":{"line":54,"column":43}},"18":{"start":{"line":58,"column":8},"end":{"line":58,"column":30}},"19":{"start":{"line":59,"column":8},"end":{"line":59,"column":37}},"20":{"start":{"line":65,"column":0},"end":{"line":65,"column":28}}},"fnMap":{"0":{"name":"(anonymous_0)","decl":{"start":{"line":21,"column":17},"end":{"line":21,"column":18}},"loc":{"start":{"line":21,"column":29},"end":{"line":39,"column":3}}},"1":{"name":"(anonymous_1)","decl":{"start":{"line":24,"column":38},"end":{"line":24,"column":39}},"loc":{"start":{"line":24,"column":48},"end":{"line":27,"column":7}}},"2":{"name":"(anonymous_2)","decl":{"start":{"line":30,"column":8},"end":{"line":30,"column":9}},"loc":{"start":{"line":30,"column":50},"end":{"line":33,"column":9}}},"3":{"name":"(anonymous_3)","decl":{"start":{"line":35,"column":39},"end":{"line":35,"column":40}},"loc":{"start":{"line":35,"column":99},"end":{"line":38,"column":7}}},"4":{"name":"(anonymous_4)","decl":{"start":{"line":46,"column":17},"end":{"line":46,"column":18}},"loc":{"start":{"line":46,"column":29},"end":{"line":61,"column":3}}},"5":{"name":"(anonymous_5)","decl":{"start":{"line":48,"column":41},"end":{"line":48,"column":42}},"loc":{"start":{"line":48,"column":51},"end":{"line":51,"column":7}}},"6":{"name":"(anonymous_6)","decl":{"start":{"line":52,"column":43},"end":{"line":52,"column":44}},"loc":{"start":{"line":52,"column":91},"end":{"line":55,"column":7}}},"7":{"name":"(anonymous_7)","decl":{"start":{"line":57,"column":42},"end":{"line":57,"column":43}},"loc":{"start":{"line":57,"column":102},"end":{"line":60,"column":7}}}},"branchMap":{"0":{"loc":{"start":{"line":32,"column":10},"end":{"line":32,"column":46}},"type":"cond-expr","locations":[{"start":{"line":32,"column":24},"end":{"line":32,"column":26}},{"start":{"line":32,"column":24},"end":{"line":32,"column":46}}]},"1":{"loc":{"start":{"line":32,"column":10},"end":{"line":32,"column":26}},"type":"binary-expr","locations":[{"start":{"line":32,"column":10},"end":{"line":32,"column":26}},{"start":{"line":32,"column":24},"end":{"line":32,"column":26}}]}},"s":{"0":0,"1":0,"2":0,"3":0,"4":0,"5":0,"6":0,"7":0,"8":0,"9":0,"10":0,"11":0,"12":0,"13":0,"14":0,"15":0,"16":0,"17":0,"18":0,"19":0,"20":0},"f":{"0":0,"1":0,"2":0,"3":0,"4":0,"5":0,"6":0,"7":0},"b":{"0":[0,0],"1":[0,0]}}
,"F:\\engym-project\\frontend\\src\\features\\WorkoutBooking\\WorkoutTypes.ts": {"path":"F:\\engym-project\\frontend\\src\\features\\WorkoutBooking\\WorkoutTypes.ts","statementMap":{"0":{"start":{"line":1,"column":0},"end":{"line":1,"column":null}},"1":{"start":{"line":2,"column":2},"end":{"line":2,"column":null}},"2":{"start":{"line":3,"column":2},"end":{"line":3,"column":null}},"3":{"start":{"line":4,"column":2},"end":{"line":4,"column":null}}},"fnMap":{"0":{"name":"(anonymous_0)","decl":{"start":{"line":1,"column":0},"end":{"line":1,"column":12}},"loc":{"start":{"line":1,"column":25},"end":{"line":5,"column":1}}}},"branchMap":{"0":{"loc":{"start":{"line":1,"column":12},"end":{"line":1,"column":null}},"type":"binary-expr","locations":[{"start":{"line":1,"column":12},"end":{"line":1,"column":25}},{"start":{"line":1,"column":25},"end":{"line":1,"column":null}}]}},"s":{"0":0,"1":0,"2":0,"3":0},"f":{"0":0},"b":{"0":[0,0]}}
,"F:\\engym-project\\frontend\\src\\hooks\\DispatchHook.ts": {"path":"F:\\engym-project\\frontend\\src\\hooks\\DispatchHook.ts","statementMap":{"0":{"start":{"line":1,"column":0},"end":{"line":1,"column":77}},"1":{"start":{"line":4,"column":30},"end":{"line":4,"column":62}},"2":{"start":{"line":4,"column":36},"end":{"line":4,"column":62}},"3":{"start":{"line":4,"column":13},"end":{"line":4,"column":30}},"4":{"start":{"line":5,"column":13},"end":{"line":5,"column":75}}},"fnMap":{"0":{"name":"(anonymous_0)","decl":{"start":{"line":4,"column":30},"end":{"line":4,"column":33}},"loc":{"start":{"line":4,"column":36},"end":{"line":4,"column":62}}}},"branchMap":{},"s":{"0":0,"1":0,"2":0,"3":0,"4":0},"f":{"0":0},"b":{}}
,"F:\\engym-project\\frontend\\src\\hooks\\useToggle.ts": {"path":"F:\\engym-project\\frontend\\src\\hooks\\useToggle.ts","statementMap":{"0":{"start":{"line":1,"column":0},"end":{"line":1,"column":33}},"1":{"start":{"line":3,"column":25},"end":{"line":8,"column":1}},"2":{"start":{"line":4,"column":42},"end":{"line":4,"column":64}},"3":{"start":{"line":6,"column":20},"end":{"line":6,"column":58}},"4":{"start":{"line":6,"column":28},"end":{"line":6,"column":57}},"5":{"start":{"line":7,"column":4},"end":{"line":7,"column":null}},"6":{"start":{"line":3,"column":13},"end":{"line":3,"column":25}}},"fnMap":{"0":{"name":"(anonymous_0)","decl":{"start":{"line":3,"column":25},"end":{"line":3,"column":26}},"loc":{"start":{"line":3,"column":74},"end":{"line":8,"column":1}}},"1":{"name":"(anonymous_1)","decl":{"start":{"line":6,"column":20},"end":{"line":6,"column":23}},"loc":{"start":{"line":6,"column":25},"end":{"line":6,"column":58}}}},"branchMap":{},"s":{"0":0,"1":0,"2":0,"3":0,"4":0,"5":0,"6":0},"f":{"0":0,"1":0},"b":{}}
,"F:\\engym-project\\frontend\\src\\pages\\Workouts\\workouts-mock.tsx": {"path":"F:\\engym-project\\frontend\\src\\pages\\Workouts\\workouts-mock.tsx","statementMap":{"0":{"start":{"line":2,"column":13},"end":{"line":59,"column":4}}},"fnMap":{},"branchMap":{},"s":{"0":0},"f":{},"b":{}}
,"F:\\engym-project\\frontend\\src\\utils\\targetactivity.ts": {"path":"F:\\engym-project\\frontend\\src\\utils\\targetactivity.ts","statementMap":{"0":{"start":{"line":13,"column":13},"end":{"line":44,"column":2}},"1":{"start":{"line":47,"column":13},"end":{"line":78,"column":null}}},"fnMap":{},"branchMap":{},"s":{"0":0,"1":0},"f":{},"b":{}}
,"F:\\engym-project\\frontend\\src\\utils\\ValidationsSchemas\\validations.ts": {"path":"F:\\engym-project\\frontend\\src\\utils\\ValidationsSchemas\\validations.ts","statementMap":{"0":{"start":{"line":1,"column":0},"end":{"line":1,"column":27}},"1":{"start":{"line":3,"column":13},"end":{"line":18,"column":3}},"2":{"start":{"line":20,"column":13},"end":{"line":23,"column":3}},"3":{"start":{"line":25,"column":13},"end":{"line":29,"column":3}}},"fnMap":{},"branchMap":{},"s":{"0":0,"1":0,"2":0,"3":0},"f":{},"b":{}}
}
