{"C:\\Users\\admin\\Desktop\\workoutBenach\\gym-project\\frontend\\src\\App.tsx": {"path":"C:\\Users\\admin\\Desktop\\workoutBenach\\gym-project\\frontend\\src\\App.tsx","statementMap":{"0":{"start":{"line":1,"column":0},"end":{"line":1,"column":19}},"1":{"start":{"line":2,"column":0},"end":{"line":2,"column":71}},"2":{"start":{"line":3,"column":0},"end":{"line":3,"column":26}},"3":{"start":{"line":5,"column":0},"end":{"line":5,"column":49}},"4":{"start":{"line":7,"column":0},"end":{"line":7,"column":38}},"5":{"start":{"line":8,"column":0},"end":{"line":8,"column":38}},"6":{"start":{"line":9,"column":0},"end":{"line":9,"column":36}},"7":{"start":{"line":10,"column":0},"end":{"line":10,"column":50}},"8":{"start":{"line":11,"column":0},"end":{"line":11,"column":48}},"9":{"start":{"line":12,"column":0},"end":{"line":12,"column":46}},"10":{"start":{"line":13,"column":0},"end":{"line":13,"column":58}},"11":{"start":{"line":14,"column":0},"end":{"line":14,"column":55}},"12":{"start":{"line":15,"column":0},"end":{"line":15,"column":59}},"13":{"start":{"line":16,"column":0},"end":{"line":16,"column":55}},"14":{"start":{"line":17,"column":0},"end":{"line":17,"column":87}},"15":{"start":{"line":19,"column":15},"end":{"line":42,"column":2}},"16":{"start":{"line":44,"column":22},"end":{"line":46,"column":1}},"17":{"start":{"line":45,"column":2},"end":{"line":45,"column":44}},"18":{"start":{"line":48,"column":0},"end":{"line":48,"column":19}}},"fnMap":{"0":{"name":"(anonymous_1)","decl":{"start":{"line":44,"column":22},"end":{"line":44,"column":25}},"loc":{"start":{"line":44,"column":27},"end":{"line":46,"column":1}}}},"branchMap":{},"s":{"0":0,"1":0,"2":0,"3":0,"4":0,"5":0,"6":0,"7":0,"8":0,"9":0,"10":0,"11":0,"12":0,"13":0,"14":0,"15":0,"16":0,"17":0,"18":0},"f":{"0":0},"b":{}}
,"C:\\Users\\admin\\Desktop\\workoutBenach\\gym-project\\frontend\\src\\declaration.d.ts": {"path":"C:\\Users\\admin\\Desktop\\workoutBenach\\gym-project\\frontend\\src\\declaration.d.ts","statementMap":{},"fnMap":{},"branchMap":{},"s":{},"f":{},"b":{}}
,"C:\\Users\\admin\\Desktop\\workoutBenach\\gym-project\\frontend\\src\\vite-env.d.ts": {"path":"C:\\Users\\admin\\Desktop\\workoutBenach\\gym-project\\frontend\\src\\vite-env.d.ts","statementMap":{},"fnMap":{},"branchMap":{},"s":{},"f":{},"b":{}}
,"C:\\Users\\admin\\Desktop\\workoutBenach\\gym-project\\frontend\\src\\components\\FeedbacksMock.tsx": {"path":"C:\\Users\\admin\\Desktop\\workoutBenach\\gym-project\\frontend\\src\\components\\FeedbacksMock.tsx","statementMap":{"0":{"start":{"line":1,"column":0},"end":{"line":1,"column":44}},"1":{"start":{"line":10,"column":32},"end":{"line":52,"column":1}},"2":{"start":{"line":11,"column":38},"end":{"line":11,"column":67}},"3":{"start":{"line":12,"column":30},"end":{"line":12,"column":59}},"4":{"start":{"line":14,"column":4},"end":{"line":31,"column":11}},"5":{"start":{"line":15,"column":31},"end":{"line":28,"column":10}},"6":{"start":{"line":15,"column":42},"end":{"line":28,"column":10}},"7":{"start":{"line":16,"column":12},"end":{"line":27,"column":13}},"8":{"start":{"line":17,"column":33},"end":{"line":17,"column":79}},"9":{"start":{"line":18,"column":16},"end":{"line":20,"column":17}},"10":{"start":{"line":19,"column":20},"end":{"line":19,"column":91}},"11":{"start":{"line":22,"column":29},"end":{"line":22,"column":50}},"12":{"start":{"line":23,"column":16},"end":{"line":23,"column":35}},"13":{"start":{"line":25,"column":16},"end":{"line":25,"column":40}},"14":{"start":{"line":26,"column":16},"end":{"line":26,"column":86}},"15":{"start":{"line":30,"column":8},"end":{"line":30,"column":25}},"16":{"start":{"line":33,"column":4},"end":{"line":35,"column":5}},"17":{"start":{"line":34,"column":8},"end":{"line":34,"column":41}},"18":{"start":{"line":37,"column":4},"end":{"line":51,"column":6}},"19":{"start":{"line":42,"column":20},"end":{"line":43,"column":null}},"20":{"start":{"line":54,"column":0},"end":{"line":54,"column":29}}},"fnMap":{"0":{"name":"(anonymous_7)","decl":{"start":{"line":10,"column":32},"end":{"line":10,"column":35}},"loc":{"start":{"line":10,"column":37},"end":{"line":52,"column":1}}},"1":{"name":"(anonymous_8)","decl":{"start":{"line":14,"column":14},"end":{"line":14,"column":17}},"loc":{"start":{"line":14,"column":19},"end":{"line":31,"column":5}}},"2":{"name":"(anonymous_9)","decl":{"start":{"line":15,"column":31},"end":{"line":15,"column":40}},"loc":{"start":{"line":15,"column":42},"end":{"line":28,"column":10}}},"3":{"name":"(anonymous_10)","decl":{"start":{"line":15,"column":42},"end":{"line":15,"column":null}},"loc":{"start":{"line":15,"column":42},"end":{"line":28,"column":9}}},"4":{"name":"(anonymous_11)","decl":{"start":{"line":41,"column":32},"end":{"line":41,"column":33}},"loc":{"start":{"line":42,"column":20},"end":{"line":43,"column":null}}}},"branchMap":{"0":{"loc":{"start":{"line":18,"column":16},"end":{"line":20,"column":17}},"type":"if","locations":[{"start":{"line":18,"column":16},"end":{"line":20,"column":17}}]},"1":{"loc":{"start":{"line":33,"column":4},"end":{"line":35,"column":5}},"type":"if","locations":[{"start":{"line":33,"column":4},"end":{"line":35,"column":5}}]},"2":{"loc":{"start":{"line":41,"column":17},"end":{"line":48,"column":18}},"type":"cond-expr","locations":[{"start":{"line":41,"column":26},"end":{"line":41,"column":28}},{"start":{"line":41,"column":17},"end":{"line":48,"column":18}}]},"3":{"loc":{"start":{"line":41,"column":17},"end":{"line":41,"column":28}},"type":"binary-expr","locations":[{"start":{"line":41,"column":17},"end":{"line":41,"column":28}},{"start":{"line":41,"column":17},"end":{"line":41,"column":28}}]}},"s":{"0":0,"1":0,"2":0,"3":0,"4":0,"5":0,"6":0,"7":0,"8":0,"9":0,"10":0,"11":0,"12":0,"13":0,"14":0,"15":0,"16":0,"17":0,"18":0,"19":0,"20":0},"f":{"0":0,"1":0,"2":0,"3":0,"4":0},"b":{"0":[0],"1":[0],"2":[0,0],"3":[0,0]}}
,"C:\\Users\\admin\\Desktop\\workoutBenach\\gym-project\\frontend\\src\\components\\LoginPage\\Login\\Login.tsx": {"path":"C:\\Users\\admin\\Desktop\\workoutBenach\\gym-project\\frontend\\src\\components\\LoginPage\\Login\\Login.tsx","statementMap":{"0":{"start":{"line":1,"column":0},"end":{"line":1,"column":34}},"1":{"start":{"line":2,"column":0},"end":{"line":2,"column":60}},"2":{"start":{"line":3,"column":0},"end":{"line":3,"column":74}},"3":{"start":{"line":4,"column":0},"end":{"line":4,"column":50}},"4":{"start":{"line":5,"column":0},"end":{"line":5,"column":58}},"5":{"start":{"line":6,"column":0},"end":{"line":6,"column":56}},"6":{"start":{"line":7,"column":0},"end":{"line":7,"column":62}},"7":{"start":{"line":8,"column":0},"end":{"line":8,"column":52}},"8":{"start":{"line":9,"column":0},"end":{"line":9,"column":77}},"9":{"start":{"line":10,"column":0},"end":{"line":10,"column":47}},"10":{"start":{"line":12,"column":0},"end":{"line":12,"column":63}},"11":{"start":{"line":13,"column":0},"end":{"line":13,"column":86}},"12":{"start":{"line":14,"column":0},"end":{"line":14,"column":62}},"13":{"start":{"line":16,"column":0},"end":{"line":16,"column":78}},"14":{"start":{"line":17,"column":0},"end":{"line":17,"column":53}},"15":{"start":{"line":19,"column":39},"end":{"line":145,"column":1}},"16":{"start":{"line":20,"column":42},"end":{"line":20,"column":58}},"17":{"start":{"line":21,"column":36},"end":{"line":21,"column":52}},"18":{"start":{"line":23,"column":19},"end":{"line":23,"column":35}},"19":{"start":{"line":24,"column":19},"end":{"line":24,"column":32}},"20":{"start":{"line":25,"column":40},"end":{"line":25,"column":78}},"21":{"start":{"line":25,"column":66},"end":{"line":25,"column":77}},"22":{"start":{"line":27,"column":2},"end":{"line":31,"column":28}},"23":{"start":{"line":28,"column":4},"end":{"line":30,"column":5}},"24":{"start":{"line":29,"column":6},"end":{"line":29,"column":24}},"25":{"start":{"line":33,"column":22},"end":{"line":42,"column":3}},"26":{"start":{"line":37,"column":4},"end":{"line":41,"column":9}},"27":{"start":{"line":39,"column":8},"end":{"line":39,"column":23}},"28":{"start":{"line":40,"column":8},"end":{"line":40,"column":20}},"29":{"start":{"line":44,"column":2},"end":{"line":144,"column":4}},"30":{"start":{"line":52,"column":10},"end":{"line":131,"column":null}},"31":{"start":{"line":147,"column":0},"end":{"line":147,"column":21}}},"fnMap":{"0":{"name":"(anonymous_1)","decl":{"start":{"line":19,"column":39},"end":{"line":19,"column":40}},"loc":{"start":{"line":19,"column":58},"end":{"line":145,"column":1}}},"1":{"name":"(anonymous_2)","decl":{"start":{"line":25,"column":55},"end":{"line":25,"column":56}},"loc":{"start":{"line":25,"column":66},"end":{"line":25,"column":77}}},"2":{"name":"(anonymous_3)","decl":{"start":{"line":27,"column":12},"end":{"line":27,"column":15}},"loc":{"start":{"line":27,"column":17},"end":{"line":31,"column":3}}},"3":{"name":"(anonymous_4)","decl":{"start":{"line":33,"column":22},"end":{"line":33,"column":null}},"loc":{"start":{"line":36,"column":6},"end":{"line":42,"column":3}}},"4":{"name":"(anonymous_5)","decl":{"start":{"line":38,"column":12},"end":{"line":38,"column":15}},"loc":{"start":{"line":38,"column":17},"end":{"line":41,"column":7}}},"5":{"name":"(anonymous_6)","decl":{"start":{"line":51,"column":9},"end":{"line":51,"column":10}},"loc":{"start":{"line":52,"column":10},"end":{"line":131,"column":null}}},"6":{"name":"(anonymous_7)","decl":{"start":{"line":130,"column":38},"end":{"line":130,"column":41}},"loc":{"start":{"line":130,"column":43},"end":{"line":130,"column":47}}}},"branchMap":{"0":{"loc":{"start":{"line":28,"column":4},"end":{"line":30,"column":5}},"type":"if","locations":[{"start":{"line":28,"column":4},"end":{"line":30,"column":5}}]},"1":{"loc":{"start":{"line":80,"column":20},"end":{"line":80,"column":54}},"type":"cond-expr","locations":[{"start":{"line":80,"column":35},"end":{"line":80,"column":41}},{"start":{"line":80,"column":44},"end":{"line":80,"column":54}}]},"2":{"loc":{"start":{"line":97,"column":23},"end":{"line":100,"column":null}},"type":"cond-expr","locations":[{"start":{"line":98,"column":24},"end":{"line":98,"column":65}},{"start":{"line":100,"column":24},"end":{"line":100,"column":62}}]},"3":{"loc":{"start":{"line":114,"column":13},"end":{"line":117,"column":null}},"type":"binary-expr","locations":[{"start":{"line":114,"column":13},"end":{"line":114,"column":20}},{"start":{"line":115,"column":14},"end":{"line":116,"column":null}}]},"4":{"loc":{"start":{"line":123,"column":26},"end":{"line":123,"column":67}},"type":"cond-expr","locations":[{"start":{"line":123,"column":41},"end":{"line":123,"column":56}},{"start":{"line":123,"column":59},"end":{"line":123,"column":67}}]},"5":{"loc":{"start":{"line":130,"column":23},"end":{"line":130,"column":48}},"type":"cond-expr","locations":[{"start":{"line":130,"column":23},"end":{"line":130,"column":33}},{"start":{"line":130,"column":38},"end":{"line":130,"column":47}}]},"6":{"loc":{"start":{"line":130,"column":23},"end":{"line":130,"column":37}},"type":"binary-expr","locations":[{"start":{"line":130,"column":23},"end":{"line":130,"column":37}},{"start":{"line":130,"column":23},"end":{"line":130,"column":37}}]},"7":{"loc":{"start":{"line":136,"column":7},"end":{"line":140,"column":null}},"type":"binary-expr","locations":[{"start":{"line":136,"column":7},"end":{"line":136,"column":12}},{"start":{"line":137,"column":8},"end":{"line":140,"column":null}}]},"8":{"loc":{"start":{"line":138,"column":19},"end":{"line":138,"column":74}},"type":"cond-expr","locations":[{"start":{"line":138,"column":47},"end":{"line":138,"column":52}},{"start":{"line":138,"column":55},"end":{"line":138,"column":74}}]}},"s":{"0":0,"1":0,"2":0,"3":0,"4":0,"5":0,"6":0,"7":0,"8":0,"9":0,"10":0,"11":0,"12":0,"13":0,"14":0,"15":0,"16":0,"17":0,"18":0,"19":0,"20":0,"21":0,"22":0,"23":0,"24":0,"25":0,"26":0,"27":0,"28":0,"29":0,"30":0,"31":0},"f":{"0":0,"1":0,"2":0,"3":0,"4":0,"5":0,"6":0},"b":{"0":[0],"1":[0,0],"2":[0,0],"3":[0,0],"4":[0,0],"5":[0,0],"6":[0,0],"7":[0,0],"8":[0,0]}}
,"C:\\Users\\admin\\Desktop\\workoutBenach\\gym-project\\frontend\\src\\components\\ProtectedRouteAdmin\\ProtectedRouteAdmin.tsx": {"path":"C:\\Users\\admin\\Desktop\\workoutBenach\\gym-project\\frontend\\src\\components\\ProtectedRouteAdmin\\ProtectedRouteAdmin.tsx","statementMap":{"0":{"start":{"line":1,"column":0},"end":{"line":1,"column":34}},"1":{"start":{"line":2,"column":0},"end":{"line":2,"column":57}},"2":{"start":{"line":3,"column":0},"end":{"line":3,"column":74}},"3":{"start":{"line":4,"column":0},"end":{"line":4,"column":77}},"4":{"start":{"line":11,"column":64},"end":{"line":25,"column":1}},"5":{"start":{"line":12,"column":21},"end":{"line":12,"column":34}},"6":{"start":{"line":13,"column":21},"end":{"line":13,"column":37}},"7":{"start":{"line":14,"column":21},"end":{"line":14,"column":58}},"8":{"start":{"line":14,"column":47},"end":{"line":14,"column":57}},"9":{"start":{"line":15,"column":4},"end":{"line":17,"column":19}},"10":{"start":{"line":16,"column":8},"end":{"line":16,"column":30}},"11":{"start":{"line":19,"column":4},"end":{"line":24,"column":5}},"12":{"start":{"line":20,"column":8},"end":{"line":20,"column":24}},"13":{"start":{"line":23,"column":8},"end":{"line":23,"column":null}},"14":{"start":{"line":27,"column":0},"end":{"line":27,"column":35}}},"fnMap":{"0":{"name":"(anonymous_0)","decl":{"start":{"line":11,"column":64},"end":{"line":11,"column":65}},"loc":{"start":{"line":11,"column":81},"end":{"line":25,"column":1}}},"1":{"name":"(anonymous_1)","decl":{"start":{"line":14,"column":36},"end":{"line":14,"column":37}},"loc":{"start":{"line":14,"column":47},"end":{"line":14,"column":57}}},"2":{"name":"(anonymous_2)","decl":{"start":{"line":15,"column":14},"end":{"line":15,"column":17}},"loc":{"start":{"line":15,"column":19},"end":{"line":17,"column":5}}}},"branchMap":{"0":{"loc":{"start":{"line":19,"column":4},"end":{"line":24,"column":5}},"type":"if","locations":[{"start":{"line":19,"column":4},"end":{"line":24,"column":5}},{"start":{"line":22,"column":9},"end":{"line":24,"column":5}}]},"1":{"loc":{"start":{"line":19,"column":8},"end":{"line":19,"column":37}},"type":"binary-expr","locations":[{"start":{"line":19,"column":8},"end":{"line":19,"column":12}},{"start":{"line":19,"column":16},"end":{"line":19,"column":37}}]}},"s":{"0":0,"1":0,"2":0,"3":0,"4":0,"5":0,"6":0,"7":0,"8":0,"9":0,"10":0,"11":0,"12":0,"13":0,"14":0},"f":{"0":0,"1":0,"2":0},"b":{"0":[0,0],"1":[0,0]}}
,"C:\\Users\\admin\\Desktop\\workoutBenach\\gym-project\\frontend\\src\\components\\UpdateUserinfoForm\\UpdateUserinfoForm.tsx": {"path":"C:\\Users\\admin\\Desktop\\workoutBenach\\gym-project\\frontend\\src\\components\\UpdateUserinfoForm\\UpdateUserinfoForm.tsx","statementMap":{"0":{"start":{"line":1,"column":0},"end":{"line":1,"column":41}},"1":{"start":{"line":2,"column":0},"end":{"line":2,"column":74}},"2":{"start":{"line":3,"column":0},"end":{"line":3,"column":59}},"3":{"start":{"line":4,"column":0},"end":{"line":4,"column":49}},"4":{"start":{"line":5,"column":0},"end":{"line":5,"column":86}},"5":{"start":{"line":6,"column":0},"end":{"line":6,"column":null}},"6":{"start":{"line":13,"column":0},"end":{"line":13,"column":82}},"7":{"start":{"line":14,"column":0},"end":{"line":14,"column":63}},"8":{"start":{"line":15,"column":0},"end":{"line":15,"column":59}},"9":{"start":{"line":17,"column":0},"end":{"line":17,"column":50}},"10":{"start":{"line":18,"column":0},"end":{"line":18,"column":77}},"11":{"start":{"line":20,"column":68},"end":{"line":229,"column":1}},"12":{"start":{"line":23,"column":54},"end":{"line":23,"column":69}},"13":{"start":{"line":24,"column":50},"end":{"line":24,"column":65}},"14":{"start":{"line":25,"column":50},"end":{"line":25,"column":65}},"15":{"start":{"line":27,"column":40},"end":{"line":27,"column":56}},"16":{"start":{"line":29,"column":23},"end":{"line":29,"column":53}},"17":{"start":{"line":30,"column":21},"end":{"line":30,"column":52}},"18":{"start":{"line":31,"column":21},"end":{"line":31,"column":52}},"19":{"start":{"line":33,"column":29},"end":{"line":33,"column":76}},"20":{"start":{"line":33,"column":55},"end":{"line":33,"column":75}},"21":{"start":{"line":34,"column":19},"end":{"line":34,"column":35}},"22":{"start":{"line":36,"column":23},"end":{"line":40,"column":3}},"23":{"start":{"line":37,"column":4},"end":{"line":39,"column":7}},"24":{"start":{"line":38,"column":6},"end":{"line":38,"column":23}},"25":{"start":{"line":42,"column":21},"end":{"line":46,"column":3}},"26":{"start":{"line":45,"column":4},"end":{"line":45,"column":18}},"27":{"start":{"line":48,"column":22},"end":{"line":52,"column":3}},"28":{"start":{"line":51,"column":4},"end":{"line":51,"column":17}},"29":{"start":{"line":54,"column":27},"end":{"line":57,"column":3}},"30":{"start":{"line":55,"column":4},"end":{"line":55,"column":21}},"31":{"start":{"line":56,"column":4},"end":{"line":56,"column":29}},"32":{"start":{"line":59,"column":2},"end":{"line":228,"column":4}},"33":{"start":{"line":72,"column":12},"end":{"line":207,"column":null}},"34":{"start":{"line":91,"column":33},"end":{"line":91,"column":67}},"35":{"start":{"line":92,"column":32},"end":{"line":92,"column":65}},"36":{"start":{"line":124,"column":35},"end":{"line":124,"column":67}},"37":{"start":{"line":125,"column":34},"end":{"line":125,"column":65}},"38":{"start":{"line":134,"column":22},"end":{"line":134,"column":48}},"39":{"start":{"line":174,"column":35},"end":{"line":174,"column":67}},"40":{"start":{"line":175,"column":34},"end":{"line":175,"column":65}},"41":{"start":{"line":184,"column":22},"end":{"line":184,"column":50}},"42":{"start":{"line":231,"column":0},"end":{"line":231,"column":34}}},"fnMap":{"0":{"name":"(anonymous_1)","decl":{"start":{"line":20,"column":68},"end":{"line":20,"column":69}},"loc":{"start":{"line":22,"column":5},"end":{"line":229,"column":1}}},"1":{"name":"(anonymous_2)","decl":{"start":{"line":33,"column":44},"end":{"line":33,"column":45}},"loc":{"start":{"line":33,"column":55},"end":{"line":33,"column":75}}},"2":{"name":"(anonymous_3)","decl":{"start":{"line":36,"column":23},"end":{"line":36,"column":24}},"loc":{"start":{"line":36,"column":44},"end":{"line":40,"column":3}}},"3":{"name":"(anonymous_4)","decl":{"start":{"line":37,"column":42},"end":{"line":37,"column":45}},"loc":{"start":{"line":37,"column":47},"end":{"line":39,"column":5}}},"4":{"name":"(anonymous_5)","decl":{"start":{"line":42,"column":21},"end":{"line":42,"column":null}},"loc":{"start":{"line":44,"column":6},"end":{"line":46,"column":3}}},"5":{"name":"(anonymous_6)","decl":{"start":{"line":48,"column":22},"end":{"line":48,"column":null}},"loc":{"start":{"line":50,"column":6},"end":{"line":52,"column":3}}},"6":{"name":"(anonymous_7)","decl":{"start":{"line":54,"column":27},"end":{"line":54,"column":30}},"loc":{"start":{"line":54,"column":32},"end":{"line":57,"column":3}}},"7":{"name":"(anonymous_8)","decl":{"start":{"line":71,"column":11},"end":{"line":71,"column":12}},"loc":{"start":{"line":72,"column":12},"end":{"line":207,"column":null}}},"8":{"name":"(anonymous_9)","decl":{"start":{"line":91,"column":27},"end":{"line":91,"column":30}},"loc":{"start":{"line":91,"column":33},"end":{"line":91,"column":67}}},"9":{"name":"(anonymous_10)","decl":{"start":{"line":92,"column":26},"end":{"line":92,"column":29}},"loc":{"start":{"line":92,"column":32},"end":{"line":92,"column":65}}},"10":{"name":"(anonymous_11)","decl":{"start":{"line":124,"column":29},"end":{"line":124,"column":32}},"loc":{"start":{"line":124,"column":35},"end":{"line":124,"column":67}}},"11":{"name":"(anonymous_12)","decl":{"start":{"line":125,"column":28},"end":{"line":125,"column":31}},"loc":{"start":{"line":125,"column":34},"end":{"line":125,"column":65}}},"12":{"name":"(anonymous_13)","decl":{"start":{"line":133,"column":39},"end":{"line":133,"column":40}},"loc":{"start":{"line":134,"column":22},"end":{"line":134,"column":48}}},"13":{"name":"(anonymous_14)","decl":{"start":{"line":174,"column":29},"end":{"line":174,"column":32}},"loc":{"start":{"line":174,"column":35},"end":{"line":174,"column":67}}},"14":{"name":"(anonymous_15)","decl":{"start":{"line":175,"column":28},"end":{"line":175,"column":31}},"loc":{"start":{"line":175,"column":34},"end":{"line":175,"column":65}}},"15":{"name":"(anonymous_16)","decl":{"start":{"line":183,"column":42},"end":{"line":183,"column":43}},"loc":{"start":{"line":184,"column":22},"end":{"line":184,"column":50}}}},"branchMap":{"0":{"loc":{"start":{"line":64,"column":18},"end":{"line":64,"column":38}},"type":"binary-expr","locations":[{"start":{"line":64,"column":18},"end":{"line":64,"column":32}},{"start":{"line":64,"column":36},"end":{"line":64,"column":38}}]},"1":{"loc":{"start":{"line":64,"column":18},"end":{"line":64,"column":32}},"type":"cond-expr","locations":[{"start":{"line":64,"column":26},"end":{"line":64,"column":28}},{"start":{"line":64,"column":18},"end":{"line":64,"column":32}}]},"2":{"loc":{"start":{"line":64,"column":18},"end":{"line":64,"column":28}},"type":"binary-expr","locations":[{"start":{"line":64,"column":18},"end":{"line":64,"column":28}},{"start":{"line":64,"column":18},"end":{"line":64,"column":28}}]},"3":{"loc":{"start":{"line":65,"column":20},"end":{"line":65,"column":42}},"type":"binary-expr","locations":[{"start":{"line":65,"column":20},"end":{"line":65,"column":36}},{"start":{"line":65,"column":40},"end":{"line":65,"column":42}}]},"4":{"loc":{"start":{"line":65,"column":20},"end":{"line":65,"column":36}},"type":"cond-expr","locations":[{"start":{"line":65,"column":28},"end":{"line":65,"column":30}},{"start":{"line":65,"column":20},"end":{"line":65,"column":36}}]},"5":{"loc":{"start":{"line":65,"column":20},"end":{"line":65,"column":30}},"type":"binary-expr","locations":[{"start":{"line":65,"column":20},"end":{"line":65,"column":30}},{"start":{"line":65,"column":20},"end":{"line":65,"column":30}}]},"6":{"loc":{"start":{"line":66,"column":22},"end":{"line":66,"column":46}},"type":"binary-expr","locations":[{"start":{"line":66,"column":22},"end":{"line":66,"column":40}},{"start":{"line":66,"column":44},"end":{"line":66,"column":46}}]},"7":{"loc":{"start":{"line":66,"column":22},"end":{"line":66,"column":40}},"type":"cond-expr","locations":[{"start":{"line":66,"column":30},"end":{"line":66,"column":32}},{"start":{"line":66,"column":22},"end":{"line":66,"column":40}}]},"8":{"loc":{"start":{"line":66,"column":22},"end":{"line":66,"column":32}},"type":"binary-expr","locations":[{"start":{"line":66,"column":22},"end":{"line":66,"column":32}},{"start":{"line":66,"column":22},"end":{"line":66,"column":32}}]},"9":{"loc":{"start":{"line":77,"column":25},"end":{"line":77,"column":74}},"type":"cond-expr","locations":[{"start":{"line":77,"column":46},"end":{"line":77,"column":57}},{"start":{"line":77,"column":60},"end":{"line":77,"column":74}}]},"10":{"loc":{"start":{"line":77,"column":60},"end":{"line":77,"column":74}},"type":"cond-expr","locations":[{"start":{"line":77,"column":68},"end":{"line":77,"column":70}},{"start":{"line":77,"column":60},"end":{"line":77,"column":74}}]},"11":{"loc":{"start":{"line":77,"column":60},"end":{"line":77,"column":70}},"type":"binary-expr","locations":[{"start":{"line":77,"column":60},"end":{"line":77,"column":70}},{"start":{"line":77,"column":60},"end":{"line":77,"column":70}}]},"12":{"loc":{"start":{"line":118,"column":21},"end":{"line":118,"column":72}},"type":"cond-expr","locations":[{"start":{"line":118,"column":40},"end":{"line":118,"column":53}},{"start":{"line":118,"column":56},"end":{"line":118,"column":72}}]},"13":{"loc":{"start":{"line":118,"column":56},"end":{"line":118,"column":72}},"type":"cond-expr","locations":[{"start":{"line":118,"column":64},"end":{"line":118,"column":66}},{"start":{"line":118,"column":56},"end":{"line":118,"column":72}}]},"14":{"loc":{"start":{"line":118,"column":56},"end":{"line":118,"column":66}},"type":"binary-expr","locations":[{"start":{"line":118,"column":56},"end":{"line":118,"column":66}},{"start":{"line":118,"column":56},"end":{"line":118,"column":66}}]},"15":{"loc":{"start":{"line":168,"column":21},"end":{"line":168,"column":76}},"type":"cond-expr","locations":[{"start":{"line":168,"column":40},"end":{"line":168,"column":55}},{"start":{"line":168,"column":58},"end":{"line":168,"column":76}}]},"16":{"loc":{"start":{"line":168,"column":58},"end":{"line":168,"column":76}},"type":"cond-expr","locations":[{"start":{"line":168,"column":66},"end":{"line":168,"column":68}},{"start":{"line":168,"column":58},"end":{"line":168,"column":76}}]},"17":{"loc":{"start":{"line":168,"column":58},"end":{"line":168,"column":68}},"type":"binary-expr","locations":[{"start":{"line":168,"column":58},"end":{"line":168,"column":68}},{"start":{"line":168,"column":58},"end":{"line":168,"column":68}}]},"18":{"loc":{"start":{"line":202,"column":20},"end":{"line":202,"column":null}},"type":"cond-expr","locations":[{"start":{"line":202,"column":30},"end":{"line":202,"column":60}},{"start":{"line":202,"column":63},"end":{"line":202,"column":null}}]},"19":{"loc":{"start":{"line":205,"column":19},"end":{"line":205,"column":57}},"type":"cond-expr","locations":[{"start":{"line":205,"column":29},"end":{"line":205,"column":40}},{"start":{"line":205,"column":43},"end":{"line":205,"column":57}}]},"20":{"loc":{"start":{"line":212,"column":7},"end":{"line":218,"column":null}},"type":"binary-expr","locations":[{"start":{"line":212,"column":7},"end":{"line":212,"column":13}},{"start":{"line":212,"column":17},"end":{"line":212,"column":25}},{"start":{"line":213,"column":8},"end":{"line":217,"column":null}}]},"21":{"loc":{"start":{"line":220,"column":7},"end":{"line":225,"column":null}},"type":"binary-expr","locations":[{"start":{"line":220,"column":7},"end":{"line":220,"column":12}},{"start":{"line":221,"column":8},"end":{"line":224,"column":null}}]}},"s":{"0":0,"1":0,"2":0,"3":0,"4":0,"5":0,"6":0,"7":0,"8":0,"9":0,"10":0,"11":0,"12":0,"13":0,"14":0,"15":0,"16":0,"17":0,"18":0,"19":0,"20":0,"21":0,"22":0,"23":0,"24":0,"25":0,"26":0,"27":0,"28":0,"29":0,"30":0,"31":0,"32":0,"33":0,"34":0,"35":0,"36":0,"37":0,"38":0,"39":0,"40":0,"41":0,"42":0},"f":{"0":0,"1":0,"2":0,"3":0,"4":0,"5":0,"6":0,"7":0,"8":0,"9":0,"10":0,"11":0,"12":0,"13":0,"14":0,"15":0},"b":{"0":[0,0],"1":[0,0],"2":[0,0],"3":[0,0],"4":[0,0],"5":[0,0],"6":[0,0],"7":[0,0],"8":[0,0],"9":[0,0],"10":[0,0],"11":[0,0],"12":[0,0],"13":[0,0],"14":[0,0],"15":[0,0],"16":[0,0],"17":[0,0],"18":[0,0],"19":[0,0],"20":[0,0,0],"21":[0,0]}}
,"C:\\Users\\admin\\Desktop\\workoutBenach\\gym-project\\frontend\\src\\components\\adminPanel\\AdminUsers.tsx": {"path":"C:\\Users\\admin\\Desktop\\workoutBenach\\gym-project\\frontend\\src\\components\\adminPanel\\AdminUsers.tsx","statementMap":{"0":{"start":{"line":1,"column":0},"end":{"line":1,"column":51}},"1":{"start":{"line":2,"column":0},"end":{"line":2,"column":74}},"2":{"start":{"line":3,"column":0},"end":{"line":3,"column":78}},"3":{"start":{"line":4,"column":0},"end":{"line":4,"column":49}},"4":{"start":{"line":6,"column":34},"end":{"line":129,"column":1}},"5":{"start":{"line":7,"column":19},"end":{"line":7,"column":35}},"6":{"start":{"line":8,"column":36},"end":{"line":8,"column":74}},"7":{"start":{"line":8,"column":62},"end":{"line":8,"column":73}},"8":{"start":{"line":9,"column":42},"end":{"line":10,"column":null}},"9":{"start":{"line":12,"column":38},"end":{"line":12,"column":58}},"10":{"start":{"line":13,"column":30},"end":{"line":13,"column":70}},"11":{"start":{"line":14,"column":32},"end":{"line":14,"column":72}},"12":{"start":{"line":16,"column":2},"end":{"line":18,"column":17}},"13":{"start":{"line":17,"column":4},"end":{"line":17,"column":27}},"14":{"start":{"line":20,"column":27},"end":{"line":25,"column":3}},"15":{"start":{"line":21,"column":4},"end":{"line":24,"column":8}},"16":{"start":{"line":21,"column":30},"end":{"line":23,"column":null}},"17":{"start":{"line":27,"column":25},"end":{"line":42,"column":3}},"18":{"start":{"line":28,"column":20},"end":{"line":28,"column":40}},"19":{"start":{"line":29,"column":4},"end":{"line":41,"column":5}},"20":{"start":{"line":30,"column":6},"end":{"line":30,"column":57}},"21":{"start":{"line":30,"column":26},"end":{"line":30,"column":55}},"22":{"start":{"line":31,"column":6},"end":{"line":40,"column":11}},"23":{"start":{"line":33,"column":10},"end":{"line":33,"column":62}},"24":{"start":{"line":33,"column":31},"end":{"line":33,"column":60}},"25":{"start":{"line":36,"column":10},"end":{"line":36,"column":62}},"26":{"start":{"line":36,"column":30},"end":{"line":36,"column":60}},"27":{"start":{"line":37,"column":10},"end":{"line":39,"column":19}},"28":{"start":{"line":38,"column":12},"end":{"line":38,"column":65}},"29":{"start":{"line":38,"column":33},"end":{"line":38,"column":63}},"30":{"start":{"line":43,"column":24},"end":{"line":46,"column":null}},"31":{"start":{"line":44,"column":23},"end":{"line":44,"column":44}},"32":{"start":{"line":46,"column":6},"end":{"line":46,"column":null}},"33":{"start":{"line":49,"column":2},"end":{"line":54,"column":6}},"34":{"start":{"line":50,"column":4},"end":{"line":54,"column":6}},"35":{"start":{"line":55,"column":2},"end":{"line":55,"column":42}},"36":{"start":{"line":55,"column":13},"end":{"line":55,"column":42}},"37":{"start":{"line":57,"column":2},"end":{"line":128,"column":4}},"38":{"start":{"line":66,"column":29},"end":{"line":66,"column":58}},"39":{"start":{"line":73,"column":10},"end":{"line":74,"column":null}},"40":{"start":{"line":101,"column":33},"end":{"line":101,"column":74}},"41":{"start":{"line":108,"column":31},"end":{"line":108,"column":66}},"42":{"start":{"line":131,"column":0},"end":{"line":131,"column":31}}},"fnMap":{"0":{"name":"(anonymous_0)","decl":{"start":{"line":6,"column":34},"end":{"line":6,"column":37}},"loc":{"start":{"line":6,"column":39},"end":{"line":129,"column":1}}},"1":{"name":"(anonymous_1)","decl":{"start":{"line":8,"column":51},"end":{"line":8,"column":52}},"loc":{"start":{"line":8,"column":62},"end":{"line":8,"column":73}}},"2":{"name":"(anonymous_2)","decl":{"start":{"line":16,"column":12},"end":{"line":16,"column":15}},"loc":{"start":{"line":16,"column":17},"end":{"line":18,"column":3}}},"3":{"name":"(anonymous_3)","decl":{"start":{"line":20,"column":27},"end":{"line":20,"column":28}},"loc":{"start":{"line":20,"column":63},"end":{"line":25,"column":3}}},"4":{"name":"(anonymous_4)","decl":{"start":{"line":21,"column":20},"end":{"line":21,"column":21}},"loc":{"start":{"line":21,"column":30},"end":{"line":23,"column":null}}},"5":{"name":"(anonymous_5)","decl":{"start":{"line":27,"column":25},"end":{"line":27,"column":26}},"loc":{"start":{"line":27,"column":59},"end":{"line":42,"column":3}}},"6":{"name":"(anonymous_6)","decl":{"start":{"line":30,"column":16},"end":{"line":30,"column":17}},"loc":{"start":{"line":30,"column":26},"end":{"line":30,"column":55}}},"7":{"name":"(anonymous_7)","decl":{"start":{"line":32,"column":14},"end":{"line":32,"column":17}},"loc":{"start":{"line":32,"column":19},"end":{"line":34,"column":9}}},"8":{"name":"(anonymous_8)","decl":{"start":{"line":33,"column":21},"end":{"line":33,"column":22}},"loc":{"start":{"line":33,"column":31},"end":{"line":33,"column":60}}},"9":{"name":"(anonymous_9)","decl":{"start":{"line":35,"column":17},"end":{"line":35,"column":20}},"loc":{"start":{"line":35,"column":22},"end":{"line":40,"column":9}}},"10":{"name":"(anonymous_10)","decl":{"start":{"line":36,"column":20},"end":{"line":36,"column":21}},"loc":{"start":{"line":36,"column":30},"end":{"line":36,"column":60}}},"11":{"name":"(anonymous_11)","decl":{"start":{"line":37,"column":21},"end":{"line":37,"column":24}},"loc":{"start":{"line":37,"column":26},"end":{"line":39,"column":11}}},"12":{"name":"(anonymous_12)","decl":{"start":{"line":38,"column":23},"end":{"line":38,"column":24}},"loc":{"start":{"line":38,"column":33},"end":{"line":38,"column":63}}},"13":{"name":"(anonymous_13)","decl":{"start":{"line":44,"column":13},"end":{"line":44,"column":14}},"loc":{"start":{"line":44,"column":23},"end":{"line":44,"column":44}}},"14":{"name":"(anonymous_14)","decl":{"start":{"line":45,"column":12},"end":{"line":45,"column":13}},"loc":{"start":{"line":45,"column":21},"end":{"line":46,"column":null}}},"15":{"name":"(anonymous_15)","decl":{"start":{"line":66,"column":22},"end":{"line":66,"column":23}},"loc":{"start":{"line":66,"column":29},"end":{"line":66,"column":58}}},"16":{"name":"(anonymous_16)","decl":{"start":{"line":72,"column":27},"end":{"line":72,"column":28}},"loc":{"start":{"line":73,"column":10},"end":{"line":74,"column":null}}},"17":{"name":"(anonymous_17)","decl":{"start":{"line":101,"column":26},"end":{"line":101,"column":27}},"loc":{"start":{"line":101,"column":33},"end":{"line":101,"column":74}}},"18":{"name":"(anonymous_18)","decl":{"start":{"line":108,"column":25},"end":{"line":108,"column":28}},"loc":{"start":{"line":108,"column":31},"end":{"line":108,"column":66}}}},"branchMap":{"0":{"loc":{"start":{"line":29,"column":4},"end":{"line":41,"column":5}},"type":"if","locations":[{"start":{"line":29,"column":4},"end":{"line":41,"column":5}}]},"1":{"loc":{"start":{"line":43,"column":24},"end":{"line":46,"column":null}},"type":"cond-expr","locations":[{"start":{"line":43,"column":29},"end":{"line":43,"column":null}},{"start":{"line":43,"column":24},"end":{"line":46,"column":null}}]},"2":{"loc":{"start":{"line":43,"column":24},"end":{"line":43,"column":null}},"type":"binary-expr","locations":[{"start":{"line":43,"column":24},"end":{"line":43,"column":null}},{"start":{"line":43,"column":24},"end":{"line":43,"column":null}}]},"3":{"loc":{"start":{"line":46,"column":6},"end":{"line":46,"column":65}},"type":"cond-expr","locations":[{"start":{"line":46,"column":15},"end":{"line":46,"column":17}},{"start":{"line":46,"column":15},"end":{"line":46,"column":65}}]},"4":{"loc":{"start":{"line":46,"column":6},"end":{"line":46,"column":17}},"type":"binary-expr","locations":[{"start":{"line":46,"column":6},"end":{"line":46,"column":17}},{"start":{"line":46,"column":15},"end":{"line":46,"column":17}}]},"5":{"loc":{"start":{"line":49,"column":2},"end":{"line":54,"column":6}},"type":"if","locations":[{"start":{"line":49,"column":2},"end":{"line":54,"column":6}}]},"6":{"loc":{"start":{"line":55,"column":2},"end":{"line":55,"column":42}},"type":"if","locations":[{"start":{"line":55,"column":2},"end":{"line":55,"column":42}}]},"7":{"loc":{"start":{"line":100,"column":23},"end":{"line":100,"column":57}},"type":"binary-expr","locations":[{"start":{"line":100,"column":23},"end":{"line":100,"column":44}},{"start":{"line":100,"column":48},"end":{"line":100,"column":57}}]},"8":{"loc":{"start":{"line":110,"column":18},"end":{"line":114,"column":null}},"type":"cond-expr","locations":[{"start":{"line":111,"column":22},"end":{"line":111,"column":52}},{"start":{"line":112,"column":22},"end":{"line":114,"column":null}}]},"9":{"loc":{"start":{"line":112,"column":22},"end":{"line":114,"column":null}},"type":"cond-expr","locations":[{"start":{"line":113,"column":22},"end":{"line":113,"column":55}},{"start":{"line":114,"column":22},"end":{"line":114,"column":null}}]},"10":{"loc":{"start":{"line":117,"column":17},"end":{"line":121,"column":33}},"type":"cond-expr","locations":[{"start":{"line":118,"column":20},"end":{"line":118,"column":31}},{"start":{"line":119,"column":20},"end":{"line":121,"column":33}}]},"11":{"loc":{"start":{"line":119,"column":20},"end":{"line":121,"column":33}},"type":"cond-expr","locations":[{"start":{"line":120,"column":20},"end":{"line":120,"column":28}},{"start":{"line":121,"column":20},"end":{"line":121,"column":33}}]}},"s":{"0":0,"1":0,"2":0,"3":0,"4":0,"5":0,"6":0,"7":0,"8":0,"9":0,"10":0,"11":0,"12":0,"13":0,"14":0,"15":0,"16":0,"17":0,"18":0,"19":0,"20":0,"21":0,"22":0,"23":0,"24":0,"25":0,"26":0,"27":0,"28":0,"29":0,"30":0,"31":0,"32":0,"33":0,"34":0,"35":0,"36":0,"37":0,"38":0,"39":0,"40":0,"41":0,"42":0},"f":{"0":0,"1":0,"2":0,"3":0,"4":0,"5":0,"6":0,"7":0,"8":0,"9":0,"10":0,"11":0,"12":0,"13":0,"14":0,"15":0,"16":0,"17":0,"18":0},"b":{"0":[0],"1":[0,0],"2":[0,0],"3":[0,0],"4":[0,0],"5":[0],"6":[0],"7":[0,0],"8":[0,0],"9":[0,0],"10":[0,0],"11":[0,0]}}
,"C:\\Users\\admin\\Desktop\\workoutBenach\\gym-project\\frontend\\src\\components\\adminPanel\\MainPanel.tsx": {"path":"C:\\Users\\admin\\Desktop\\workoutBenach\\gym-project\\frontend\\src\\components\\adminPanel\\MainPanel.tsx","statementMap":{"0":{"start":{"line":1,"column":0},"end":{"line":1,"column":40}},"1":{"start":{"line":2,"column":0},"end":{"line":2,"column":47}},"2":{"start":{"line":3,"column":0},"end":{"line":3,"column":43}},"3":{"start":{"line":5,"column":29},"end":{"line":35,"column":1}},"4":{"start":{"line":6,"column":36},"end":{"line":6,"column":59}},"5":{"start":{"line":8,"column":2},"end":{"line":34,"column":4}},"6":{"start":{"line":12,"column":25},"end":{"line":12,"column":43}},"7":{"start":{"line":22,"column":25},"end":{"line":22,"column":44}},"8":{"start":{"line":37,"column":0},"end":{"line":37,"column":26}}},"fnMap":{"0":{"name":"(anonymous_1)","decl":{"start":{"line":5,"column":29},"end":{"line":5,"column":32}},"loc":{"start":{"line":5,"column":34},"end":{"line":35,"column":1}}},"1":{"name":"(anonymous_2)","decl":{"start":{"line":12,"column":19},"end":{"line":12,"column":22}},"loc":{"start":{"line":12,"column":25},"end":{"line":12,"column":43}}},"2":{"name":"(anonymous_3)","decl":{"start":{"line":22,"column":19},"end":{"line":22,"column":22}},"loc":{"start":{"line":22,"column":25},"end":{"line":22,"column":44}}}},"branchMap":{"0":{"loc":{"start":{"line":14,"column":12},"end":{"line":16,"column":null}},"type":"cond-expr","locations":[{"start":{"line":15,"column":16},"end":{"line":15,"column":43}},{"start":{"line":16,"column":16},"end":{"line":16,"column":null}}]},"1":{"loc":{"start":{"line":24,"column":12},"end":{"line":26,"column":null}},"type":"cond-expr","locations":[{"start":{"line":25,"column":16},"end":{"line":25,"column":43}},{"start":{"line":26,"column":16},"end":{"line":26,"column":null}}]},"2":{"loc":{"start":{"line":32,"column":12},"end":{"line":32,"column":67}},"type":"cond-expr","locations":[{"start":{"line":32,"column":24},"end":{"line":32,"column":43}},{"start":{"line":32,"column":46},"end":{"line":32,"column":67}}]}},"s":{"0":0,"1":0,"2":0,"3":0,"4":0,"5":0,"6":0,"7":0,"8":0},"f":{"0":0,"1":0,"2":0},"b":{"0":[0,0],"1":[0,0],"2":[0,0]}}
,"C:\\Users\\admin\\Desktop\\workoutBenach\\gym-project\\frontend\\src\\components\\adminPanel\\SelectedCoach.tsx": {"path":"C:\\Users\\admin\\Desktop\\workoutBenach\\gym-project\\frontend\\src\\components\\adminPanel\\SelectedCoach.tsx","statementMap":{"0":{"start":{"line":2,"column":0},"end":{"line":2,"column":44}},"1":{"start":{"line":3,"column":0},"end":{"line":3,"column":null}},"2":{"start":{"line":14,"column":0},"end":{"line":14,"column":26}},"3":{"start":{"line":16,"column":0},"end":{"line":16,"column":29}},"4":{"start":{"line":17,"column":0},"end":{"line":17,"column":40}},"5":{"start":{"line":19,"column":0},"end":{"line":28,"column":2}},"6":{"start":{"line":49,"column":52},"end":{"line":214,"column":1}},"7":{"start":{"line":55,"column":22},"end":{"line":81,"column":3}},"8":{"start":{"line":56,"column":16},"end":{"line":56,"column":27}},"9":{"start":{"line":58,"column":4},"end":{"line":58,"column":24}},"10":{"start":{"line":59,"column":4},"end":{"line":59,"column":53}},"11":{"start":{"line":61,"column":4},"end":{"line":61,"column":24}},"12":{"start":{"line":62,"column":4},"end":{"line":62,"column":38}},"13":{"start":{"line":63,"column":4},"end":{"line":63,"column":24}},"14":{"start":{"line":64,"column":4},"end":{"line":64,"column":54}},"15":{"start":{"line":66,"column":29},"end":{"line":69,"column":7}},"16":{"start":{"line":66,"column":70},"end":{"line":69,"column":6}},"17":{"start":{"line":71,"column":4},"end":{"line":78,"column":7}},"18":{"start":{"line":74,"column":43},"end":{"line":74,"column":69}},"19":{"start":{"line":80,"column":4},"end":{"line":80,"column":37}},"20":{"start":{"line":83,"column":24},"end":{"line":95,"column":3}},"21":{"start":{"line":84,"column":15},"end":{"line":91,"column":6}},"22":{"start":{"line":92,"column":15},"end":{"line":92,"column":36}},"23":{"start":{"line":93,"column":4},"end":{"line":93,"column":55}},"24":{"start":{"line":94,"column":4},"end":{"line":94,"column":48}},"25":{"start":{"line":97,"column":2},"end":{"line":213,"column":4}},"26":{"start":{"line":216,"column":0},"end":{"line":216,"column":29}}},"fnMap":{"0":{"name":"(anonymous_7)","decl":{"start":{"line":49,"column":52},"end":{"line":49,"column":53}},"loc":{"start":{"line":54,"column":5},"end":{"line":214,"column":1}}},"1":{"name":"(anonymous_8)","decl":{"start":{"line":55,"column":22},"end":{"line":55,"column":25}},"loc":{"start":{"line":55,"column":27},"end":{"line":81,"column":3}}},"2":{"name":"(anonymous_9)","decl":{"start":{"line":66,"column":52},"end":{"line":66,"column":53}},"loc":{"start":{"line":66,"column":70},"end":{"line":69,"column":6}}},"3":{"name":"(anonymous_10)","decl":{"start":{"line":74,"column":33},"end":{"line":74,"column":34}},"loc":{"start":{"line":74,"column":43},"end":{"line":74,"column":69}}},"4":{"name":"(anonymous_11)","decl":{"start":{"line":83,"column":24},"end":{"line":83,"column":27}},"loc":{"start":{"line":83,"column":29},"end":{"line":95,"column":3}}}},"branchMap":{},"s":{"0":0,"1":0,"2":0,"3":0,"4":0,"5":0,"6":0,"7":0,"8":0,"9":0,"10":0,"11":0,"12":0,"13":0,"14":0,"15":0,"16":0,"17":0,"18":0,"19":0,"20":0,"21":0,"22":0,"23":0,"24":0,"25":0,"26":0},"f":{"0":0,"1":0,"2":0,"3":0,"4":0},"b":{}}
,"C:\\Users\\admin\\Desktop\\workoutBenach\\gym-project\\frontend\\src\\features\\store.ts": {"path":"C:\\Users\\admin\\Desktop\\workoutBenach\\gym-project\\frontend\\src\\features\\store.ts","statementMap":{"0":{"start":{"line":1,"column":0},"end":{"line":1,"column":50}},"1":{"start":{"line":2,"column":0},"end":{"line":2,"column":67}},"2":{"start":{"line":3,"column":0},"end":{"line":3,"column":46}},"3":{"start":{"line":4,"column":0},"end":{"line":4,"column":43}},"4":{"start":{"line":5,"column":0},"end":{"line":5,"column":80}},"5":{"start":{"line":6,"column":0},"end":{"line":6,"column":77}},"6":{"start":{"line":8,"column":14},"end":{"line":19,"column":2}},"7":{"start":{"line":21,"column":0},"end":{"line":21,"column":21}}},"fnMap":{},"branchMap":{},"s":{"0":0,"1":0,"2":0,"3":0,"4":0,"5":0,"6":0,"7":0},"f":{},"b":{}}
,"C:\\Users\\admin\\Desktop\\workoutBenach\\gym-project\\frontend\\src\\features\\Auth\\AuthActions.ts": {"path":"C:\\Users\\admin\\Desktop\\workoutBenach\\gym-project\\frontend\\src\\features\\Auth\\AuthActions.ts","statementMap":{"0":{"start":{"line":1,"column":0},"end":{"line":1,"column":52}},"1":{"start":{"line":2,"column":0},"end":{"line":2,"column":26}},"2":{"start":{"line":5,"column":13},"end":{"line":41,"column":2}},"3":{"start":{"line":11,"column":79},"end":{"line":40,"column":null}},"4":{"start":{"line":12,"column":8},"end":{"line":39,"column":9}},"5":{"start":{"line":13,"column":29},"end":{"line":20,"column":null}},"6":{"start":{"line":23,"column":25},"end":{"line":23,"column":38}},"7":{"start":{"line":25,"column":12},"end":{"line":25,"column":50}},"8":{"start":{"line":27,"column":12},"end":{"line":27,"column":24}},"9":{"start":{"line":29,"column":12},"end":{"line":29,"column":50}},"10":{"start":{"line":30,"column":12},"end":{"line":38,"column":13}},"11":{"start":{"line":31,"column":16},"end":{"line":35,"column":17}},"12":{"start":{"line":32,"column":20},"end":{"line":32,"column":88}},"13":{"start":{"line":34,"column":20},"end":{"line":34,"column":60}},"14":{"start":{"line":37,"column":16},"end":{"line":37,"column":77}},"15":{"start":{"line":43,"column":13},"end":{"line":79,"column":3}},"16":{"start":{"line":47,"column":67},"end":{"line":79,"column":2}},"17":{"start":{"line":48,"column":4},"end":{"line":78,"column":5}},"18":{"start":{"line":49,"column":23},"end":{"line":53,"column":null}},"19":{"start":{"line":54,"column":25},"end":{"line":57,"column":null}},"20":{"start":{"line":59,"column":8},"end":{"line":61,"column":9}},"21":{"start":{"line":60,"column":12},"end":{"line":60,"column":47}},"22":{"start":{"line":63,"column":8},"end":{"line":63,"column":54}},"23":{"start":{"line":64,"column":8},"end":{"line":64,"column":20}},"24":{"start":{"line":66,"column":8},"end":{"line":66,"column":43}},"25":{"start":{"line":67,"column":8},"end":{"line":77,"column":9}},"26":{"start":{"line":68,"column":12},"end":{"line":74,"column":13}},"27":{"start":{"line":69,"column":16},"end":{"line":69,"column":69}},"28":{"start":{"line":70,"column":19},"end":{"line":74,"column":13}},"29":{"start":{"line":71,"column":16},"end":{"line":71,"column":87}},"30":{"start":{"line":73,"column":16},"end":{"line":73,"column":56}},"31":{"start":{"line":76,"column":12},"end":{"line":76,"column":73}}},"fnMap":{"0":{"name":"(anonymous_8)","decl":{"start":{"line":11,"column":4},"end":{"line":11,"column":11}},"loc":{"start":{"line":11,"column":79},"end":{"line":40,"column":null}}},"1":{"name":"(anonymous_9)","decl":{"start":{"line":11,"column":79},"end":{"line":11,"column":null}},"loc":{"start":{"line":11,"column":75},"end":{"line":40,"column":5}}},"2":{"name":"(anonymous_10)","decl":{"start":{"line":47,"column":16},"end":{"line":47,"column":23}},"loc":{"start":{"line":47,"column":67},"end":{"line":79,"column":2}}},"3":{"name":"(anonymous_11)","decl":{"start":{"line":47,"column":67},"end":{"line":47,"column":null}},"loc":{"start":{"line":47,"column":63},"end":{"line":79,"column":1}}}},"branchMap":{"0":{"loc":{"start":{"line":30,"column":12},"end":{"line":38,"column":13}},"type":"if","locations":[{"start":{"line":30,"column":12},"end":{"line":38,"column":13}},{"start":{"line":36,"column":19},"end":{"line":38,"column":13}}]},"1":{"loc":{"start":{"line":31,"column":16},"end":{"line":35,"column":17}},"type":"if","locations":[{"start":{"line":31,"column":16},"end":{"line":35,"column":17}},{"start":{"line":33,"column":23},"end":{"line":35,"column":17}}]},"2":{"loc":{"start":{"line":37,"column":39},"end":{"line":37,"column":75}},"type":"binary-expr","locations":[{"start":{"line":37,"column":39},"end":{"line":37,"column":52}},{"start":{"line":37,"column":56},"end":{"line":37,"column":75}}]},"3":{"loc":{"start":{"line":59,"column":8},"end":{"line":61,"column":9}},"type":"if","locations":[{"start":{"line":59,"column":8},"end":{"line":61,"column":9}}]},"4":{"loc":{"start":{"line":67,"column":8},"end":{"line":77,"column":9}},"type":"if","locations":[{"start":{"line":67,"column":8},"end":{"line":77,"column":9}},{"start":{"line":75,"column":15},"end":{"line":77,"column":9}}]},"5":{"loc":{"start":{"line":68,"column":12},"end":{"line":74,"column":13}},"type":"if","locations":[{"start":{"line":68,"column":12},"end":{"line":74,"column":13}},{"start":{"line":70,"column":19},"end":{"line":74,"column":13}}]},"6":{"loc":{"start":{"line":70,"column":19},"end":{"line":74,"column":13}},"type":"if","locations":[{"start":{"line":70,"column":19},"end":{"line":74,"column":13}},{"start":{"line":72,"column":19},"end":{"line":74,"column":13}}]},"7":{"loc":{"start":{"line":76,"column":35},"end":{"line":76,"column":71}},"type":"binary-expr","locations":[{"start":{"line":76,"column":35},"end":{"line":76,"column":48}},{"start":{"line":76,"column":52},"end":{"line":76,"column":71}}]}},"s":{"0":0,"1":0,"2":0,"3":0,"4":0,"5":0,"6":0,"7":0,"8":0,"9":0,"10":0,"11":0,"12":0,"13":0,"14":0,"15":0,"16":0,"17":0,"18":0,"19":0,"20":0,"21":0,"22":0,"23":0,"24":0,"25":0,"26":0,"27":0,"28":0,"29":0,"30":0,"31":0},"f":{"0":0,"1":0,"2":0,"3":0},"b":{"0":[0,0],"1":[0,0],"2":[0,0],"3":[0],"4":[0,0],"5":[0,0],"6":[0,0],"7":[0,0]}}
,"C:\\Users\\admin\\Desktop\\workoutBenach\\gym-project\\frontend\\src\\features\\Auth\\AuthSLice.ts": {"path":"C:\\Users\\admin\\Desktop\\workoutBenach\\gym-project\\frontend\\src\\features\\Auth\\AuthSLice.ts","statementMap":{"0":{"start":{"line":1,"column":0},"end":{"line":1,"column":47}},"1":{"start":{"line":2,"column":0},"end":{"line":2,"column":54}},"2":{"start":{"line":5,"column":18},"end":{"line":7,"column":10}},"3":{"start":{"line":16,"column":27},"end":{"line":21,"column":2}},"4":{"start":{"line":25,"column":24},"end":{"line":47,"column":2}},"5":{"start":{"line":31,"column":12},"end":{"line":34,"column":null}},"6":{"start":{"line":32,"column":16},"end":{"line":32,"column":37}},"7":{"start":{"line":33,"column":16},"end":{"line":33,"column":35}},"8":{"start":{"line":36,"column":12},"end":{"line":40,"column":null}},"9":{"start":{"line":37,"column":16},"end":{"line":37,"column":38}},"10":{"start":{"line":38,"column":16},"end":{"line":38,"column":35}},"11":{"start":{"line":39,"column":16},"end":{"line":39,"column":48}},"12":{"start":{"line":42,"column":12},"end":{"line":45,"column":null}},"13":{"start":{"line":43,"column":16},"end":{"line":43,"column":38}},"14":{"start":{"line":44,"column":16},"end":{"line":44,"column":45}},"15":{"start":{"line":86,"column":25},"end":{"line":86,"column":40}},"16":{"start":{"line":48,"column":23},"end":{"line":77,"column":2}},"17":{"start":{"line":53,"column":12},"end":{"line":53,"column":34}},"18":{"start":{"line":54,"column":12},"end":{"line":54,"column":35}},"19":{"start":{"line":55,"column":12},"end":{"line":55,"column":49}},"20":{"start":{"line":60,"column":12},"end":{"line":63,"column":null}},"21":{"start":{"line":61,"column":16},"end":{"line":61,"column":37}},"22":{"start":{"line":62,"column":16},"end":{"line":62,"column":35}},"23":{"start":{"line":65,"column":12},"end":{"line":70,"column":null}},"24":{"start":{"line":66,"column":16},"end":{"line":66,"column":38}},"25":{"start":{"line":67,"column":16},"end":{"line":67,"column":35}},"26":{"start":{"line":68,"column":16},"end":{"line":68,"column":48}},"27":{"start":{"line":69,"column":16},"end":{"line":69,"column":55}},"28":{"start":{"line":72,"column":12},"end":{"line":75,"column":null}},"29":{"start":{"line":73,"column":16},"end":{"line":73,"column":38}},"30":{"start":{"line":74,"column":16},"end":{"line":74,"column":45}},"31":{"start":{"line":86,"column":9},"end":{"line":86,"column":23}},"32":{"start":{"line":84,"column":15},"end":{"line":84,"column":49}}},"fnMap":{"0":{"name":"(anonymous_0)","decl":{"start":{"line":30,"column":8},"end":{"line":30,"column":9}},"loc":{"start":{"line":30,"column":20},"end":{"line":46,"column":9}}},"1":{"name":"(anonymous_1)","decl":{"start":{"line":31,"column":48},"end":{"line":31,"column":49}},"loc":{"start":{"line":31,"column":58},"end":{"line":34,"column":13}}},"2":{"name":"(anonymous_2)","decl":{"start":{"line":36,"column":50},"end":{"line":36,"column":51}},"loc":{"start":{"line":36,"column":68},"end":{"line":40,"column":13}}},"3":{"name":"(anonymous_3)","decl":{"start":{"line":42,"column":49},"end":{"line":42,"column":50}},"loc":{"start":{"line":42,"column":67},"end":{"line":45,"column":13}}},"4":{"name":"(anonymous_4)","decl":{"start":{"line":52,"column":16},"end":{"line":52,"column":17}},"loc":{"start":{"line":52,"column":26},"end":{"line":56,"column":9}}},"5":{"name":"(anonymous_5)","decl":{"start":{"line":59,"column":8},"end":{"line":59,"column":9}},"loc":{"start":{"line":59,"column":20},"end":{"line":76,"column":9}}},"6":{"name":"(anonymous_6)","decl":{"start":{"line":60,"column":47},"end":{"line":60,"column":48}},"loc":{"start":{"line":60,"column":57},"end":{"line":63,"column":13}}},"7":{"name":"(anonymous_7)","decl":{"start":{"line":65,"column":49},"end":{"line":65,"column":50}},"loc":{"start":{"line":65,"column":67},"end":{"line":70,"column":13}}},"8":{"name":"(anonymous_8)","decl":{"start":{"line":72,"column":48},"end":{"line":72,"column":49}},"loc":{"start":{"line":72,"column":66},"end":{"line":75,"column":13}}}},"branchMap":{"0":{"loc":{"start":{"line":5,"column":18},"end":{"line":7,"column":10}},"type":"cond-expr","locations":[{"start":{"line":6,"column":6},"end":{"line":6,"column":39}},{"start":{"line":7,"column":6},"end":{"line":7,"column":10}}]}},"s":{"0":0,"1":0,"2":0,"3":0,"4":0,"5":0,"6":0,"7":0,"8":0,"9":0,"10":0,"11":0,"12":0,"13":0,"14":0,"15":0,"16":0,"17":0,"18":0,"19":0,"20":0,"21":0,"22":0,"23":0,"24":0,"25":0,"26":0,"27":0,"28":0,"29":0,"30":0,"31":0,"32":0},"f":{"0":0,"1":0,"2":0,"3":0,"4":0,"5":0,"6":0,"7":0,"8":0},"b":{"0":[0,0]}}
,"C:\\Users\\admin\\Desktop\\workoutBenach\\gym-project\\frontend\\src\\features\\Users\\CoachSlice.ts": {"path":"C:\\Users\\admin\\Desktop\\workoutBenach\\gym-project\\frontend\\src\\features\\Users\\CoachSlice.ts","statementMap":{"0":{"start":{"line":1,"column":0},"end":{"line":1,"column":65}},"1":{"start":{"line":2,"column":0},"end":{"line":2,"column":26}},"2":{"start":{"line":20,"column":35},"end":{"line":24,"column":2}},"3":{"start":{"line":26,"column":13},"end":{"line":48,"column":3}},"4":{"start":{"line":30,"column":59},"end":{"line":48,"column":2}},"5":{"start":{"line":31,"column":16},"end":{"line":31,"column":49}},"6":{"start":{"line":33,"column":2},"end":{"line":35,"column":3}},"7":{"start":{"line":34,"column":4},"end":{"line":34,"column":50}},"8":{"start":{"line":37,"column":2},"end":{"line":47,"column":3}},"9":{"start":{"line":38,"column":21},"end":{"line":42,"column":6}},"10":{"start":{"line":43,"column":4},"end":{"line":43,"column":25}},"11":{"start":{"line":45,"column":4},"end":{"line":45,"column":49}},"12":{"start":{"line":46,"column":4},"end":{"line":46,"column":80}},"13":{"start":{"line":50,"column":21},"end":{"line":71,"column":2}},"14":{"start":{"line":55,"column":4},"end":{"line":69,"column":9}},"15":{"start":{"line":57,"column":8},"end":{"line":57,"column":29}},"16":{"start":{"line":58,"column":8},"end":{"line":58,"column":27}},"17":{"start":{"line":61,"column":8},"end":{"line":61,"column":30}},"18":{"start":{"line":62,"column":8},"end":{"line":62,"column":27}},"19":{"start":{"line":63,"column":8},"end":{"line":63,"column":39}},"20":{"start":{"line":66,"column":8},"end":{"line":66,"column":30}},"21":{"start":{"line":68,"column":8},"end":{"line":68,"column":60}},"22":{"start":{"line":73,"column":0},"end":{"line":73,"column":28}}},"fnMap":{"0":{"name":"(anonymous_8)","decl":{"start":{"line":30,"column":26},"end":{"line":30,"column":33}},"loc":{"start":{"line":30,"column":59},"end":{"line":48,"column":2}}},"1":{"name":"(anonymous_9)","decl":{"start":{"line":30,"column":59},"end":{"line":30,"column":null}},"loc":{"start":{"line":30,"column":55},"end":{"line":48,"column":1}}},"2":{"name":"(anonymous_10)","decl":{"start":{"line":54,"column":17},"end":{"line":54,"column":18}},"loc":{"start":{"line":54,"column":29},"end":{"line":70,"column":3}}},"3":{"name":"(anonymous_11)","decl":{"start":{"line":56,"column":37},"end":{"line":56,"column":38}},"loc":{"start":{"line":56,"column":47},"end":{"line":59,"column":7}}},"4":{"name":"(anonymous_12)","decl":{"start":{"line":60,"column":39},"end":{"line":60,"column":40}},"loc":{"start":{"line":60,"column":57},"end":{"line":64,"column":7}}},"5":{"name":"(anonymous_13)","decl":{"start":{"line":65,"column":38},"end":{"line":65,"column":39}},"loc":{"start":{"line":65,"column":56},"end":{"line":69,"column":7}}}},"branchMap":{"0":{"loc":{"start":{"line":33,"column":2},"end":{"line":35,"column":3}},"type":"if","locations":[{"start":{"line":33,"column":2},"end":{"line":35,"column":3}}]},"1":{"loc":{"start":{"line":46,"column":27},"end":{"line":46,"column":78}},"type":"binary-expr","locations":[{"start":{"line":46,"column":27},"end":{"line":46,"column":55}},{"start":{"line":46,"column":59},"end":{"line":46,"column":78}}]},"2":{"loc":{"start":{"line":46,"column":27},"end":{"line":46,"column":55}},"type":"cond-expr","locations":[{"start":{"line":46,"column":41},"end":{"line":46,"column":43}},{"start":{"line":46,"column":41},"end":{"line":46,"column":55}}]},"3":{"loc":{"start":{"line":46,"column":27},"end":{"line":46,"column":43}},"type":"binary-expr","locations":[{"start":{"line":46,"column":27},"end":{"line":46,"column":43}},{"start":{"line":46,"column":41},"end":{"line":46,"column":43}}]},"4":{"loc":{"start":{"line":68,"column":22},"end":{"line":68,"column":59}},"type":"binary-expr","locations":[{"start":{"line":68,"column":22},"end":{"line":68,"column":36}},{"start":{"line":68,"column":40},"end":{"line":68,"column":59}}]}},"s":{"0":0,"1":0,"2":0,"3":0,"4":0,"5":0,"6":0,"7":0,"8":0,"9":0,"10":0,"11":0,"12":0,"13":0,"14":0,"15":0,"16":0,"17":0,"18":0,"19":0,"20":0,"21":0,"22":0},"f":{"0":0,"1":0,"2":0,"3":0,"4":0,"5":0},"b":{"0":[0],"1":[0,0],"2":[0,0],"3":[0,0],"4":[0,0]}}
,"C:\\Users\\admin\\Desktop\\workoutBenach\\gym-project\\frontend\\src\\features\\Users\\UserActions.ts": {"path":"C:\\Users\\admin\\Desktop\\workoutBenach\\gym-project\\frontend\\src\\features\\Users\\UserActions.ts","statementMap":{"0":{"start":{"line":2,"column":0},"end":{"line":2,"column":52}},"1":{"start":{"line":3,"column":0},"end":{"line":3,"column":26}},"2":{"start":{"line":5,"column":13},"end":{"line":27,"column":3}},"3":{"start":{"line":9,"column":55},"end":{"line":27,"column":2}},"4":{"start":{"line":10,"column":16},"end":{"line":10,"column":49}},"5":{"start":{"line":12,"column":2},"end":{"line":14,"column":3}},"6":{"start":{"line":13,"column":4},"end":{"line":13,"column":50}},"7":{"start":{"line":16,"column":2},"end":{"line":26,"column":3}},"8":{"start":{"line":17,"column":21},"end":{"line":21,"column":6}},"9":{"start":{"line":22,"column":4},"end":{"line":22,"column":25}},"10":{"start":{"line":24,"column":4},"end":{"line":24,"column":47}},"11":{"start":{"line":25,"column":4},"end":{"line":25,"column":80}},"12":{"start":{"line":29,"column":13},"end":{"line":62,"column":2}},"13":{"start":{"line":35,"column":57},"end":{"line":61,"column":null}},"14":{"start":{"line":36,"column":18},"end":{"line":36,"column":51}},"15":{"start":{"line":38,"column":4},"end":{"line":40,"column":5}},"16":{"start":{"line":39,"column":6},"end":{"line":39,"column":52}},"17":{"start":{"line":42,"column":4},"end":{"line":60,"column":5}},"18":{"start":{"line":43,"column":23},"end":{"line":50,"column":null}},"19":{"start":{"line":53,"column":6},"end":{"line":53,"column":27}},"20":{"start":{"line":55,"column":6},"end":{"line":55,"column":54}},"21":{"start":{"line":56,"column":6},"end":{"line":59,"column":8}}},"fnMap":{"0":{"name":"(anonymous_8)","decl":{"start":{"line":9,"column":22},"end":{"line":9,"column":29}},"loc":{"start":{"line":9,"column":55},"end":{"line":27,"column":2}}},"1":{"name":"(anonymous_9)","decl":{"start":{"line":9,"column":55},"end":{"line":9,"column":null}},"loc":{"start":{"line":9,"column":51},"end":{"line":27,"column":1}}},"2":{"name":"(anonymous_10)","decl":{"start":{"line":35,"column":2},"end":{"line":35,"column":9}},"loc":{"start":{"line":35,"column":57},"end":{"line":61,"column":null}}},"3":{"name":"(anonymous_11)","decl":{"start":{"line":35,"column":57},"end":{"line":35,"column":null}},"loc":{"start":{"line":35,"column":53},"end":{"line":61,"column":3}}}},"branchMap":{"0":{"loc":{"start":{"line":12,"column":2},"end":{"line":14,"column":3}},"type":"if","locations":[{"start":{"line":12,"column":2},"end":{"line":14,"column":3}}]},"1":{"loc":{"start":{"line":25,"column":27},"end":{"line":25,"column":78}},"type":"binary-expr","locations":[{"start":{"line":25,"column":27},"end":{"line":25,"column":55}},{"start":{"line":25,"column":59},"end":{"line":25,"column":78}}]},"2":{"loc":{"start":{"line":25,"column":27},"end":{"line":25,"column":55}},"type":"cond-expr","locations":[{"start":{"line":25,"column":41},"end":{"line":25,"column":43}},{"start":{"line":25,"column":41},"end":{"line":25,"column":55}}]},"3":{"loc":{"start":{"line":25,"column":27},"end":{"line":25,"column":43}},"type":"binary-expr","locations":[{"start":{"line":25,"column":27},"end":{"line":25,"column":43}},{"start":{"line":25,"column":41},"end":{"line":25,"column":43}}]},"4":{"loc":{"start":{"line":38,"column":4},"end":{"line":40,"column":5}},"type":"if","locations":[{"start":{"line":38,"column":4},"end":{"line":40,"column":5}}]},"5":{"loc":{"start":{"line":57,"column":8},"end":{"line":58,"column":53}},"type":"binary-expr","locations":[{"start":{"line":57,"column":8},"end":{"line":57,"column":36}},{"start":{"line":58,"column":10},"end":{"line":58,"column":53}}]},"6":{"loc":{"start":{"line":57,"column":8},"end":{"line":57,"column":36}},"type":"cond-expr","locations":[{"start":{"line":57,"column":22},"end":{"line":57,"column":24}},{"start":{"line":57,"column":22},"end":{"line":57,"column":36}}]},"7":{"loc":{"start":{"line":57,"column":8},"end":{"line":57,"column":24}},"type":"binary-expr","locations":[{"start":{"line":57,"column":8},"end":{"line":57,"column":24}},{"start":{"line":57,"column":22},"end":{"line":57,"column":24}}]}},"s":{"0":0,"1":0,"2":0,"3":0,"4":0,"5":0,"6":0,"7":0,"8":0,"9":0,"10":0,"11":0,"12":0,"13":0,"14":0,"15":0,"16":0,"17":0,"18":0,"19":0,"20":0,"21":0},"f":{"0":0,"1":0,"2":0,"3":0},"b":{"0":[0],"1":[0,0],"2":[0,0],"3":[0,0],"4":[0],"5":[0,0],"6":[0,0],"7":[0,0]}}
,"C:\\Users\\admin\\Desktop\\workoutBenach\\gym-project\\frontend\\src\\features\\Users\\userSlice.ts": {"path":"C:\\Users\\admin\\Desktop\\workoutBenach\\gym-project\\frontend\\src\\features\\Users\\userSlice.ts","statementMap":{"0":{"start":{"line":1,"column":0},"end":{"line":1,"column":47}},"1":{"start":{"line":2,"column":0},"end":{"line":2,"column":59}},"2":{"start":{"line":20,"column":33},"end":{"line":24,"column":2}},"3":{"start":{"line":28,"column":19},"end":{"line":63,"column":2}},"4":{"start":{"line":33,"column":4},"end":{"line":61,"column":9}},"5":{"start":{"line":35,"column":8},"end":{"line":35,"column":29}},"6":{"start":{"line":36,"column":8},"end":{"line":36,"column":27}},"7":{"start":{"line":39,"column":8},"end":{"line":39,"column":30}},"8":{"start":{"line":40,"column":8},"end":{"line":40,"column":27}},"9":{"start":{"line":41,"column":8},"end":{"line":41,"column":37}},"10":{"start":{"line":44,"column":8},"end":{"line":44,"column":30}},"11":{"start":{"line":45,"column":8},"end":{"line":45,"column":60}},"12":{"start":{"line":48,"column":8},"end":{"line":48,"column":27}},"13":{"start":{"line":51,"column":28},"end":{"line":51,"column":42}},"14":{"start":{"line":52,"column":22},"end":{"line":53,"column":null}},"15":{"start":{"line":53,"column":20},"end":{"line":53,"column":46}},"16":{"start":{"line":55,"column":8},"end":{"line":57,"column":9}},"17":{"start":{"line":56,"column":10},"end":{"line":56,"column":53}},"18":{"start":{"line":60,"column":8},"end":{"line":60,"column":60}},"19":{"start":{"line":65,"column":0},"end":{"line":65,"column":26}}},"fnMap":{"0":{"name":"(anonymous_0)","decl":{"start":{"line":32,"column":17},"end":{"line":32,"column":18}},"loc":{"start":{"line":32,"column":29},"end":{"line":62,"column":3}}},"1":{"name":"(anonymous_1)","decl":{"start":{"line":34,"column":35},"end":{"line":34,"column":36}},"loc":{"start":{"line":34,"column":45},"end":{"line":37,"column":7}}},"2":{"name":"(anonymous_2)","decl":{"start":{"line":38,"column":37},"end":{"line":38,"column":38}},"loc":{"start":{"line":38,"column":55},"end":{"line":42,"column":7}}},"3":{"name":"(anonymous_3)","decl":{"start":{"line":43,"column":36},"end":{"line":43,"column":37}},"loc":{"start":{"line":43,"column":54},"end":{"line":46,"column":7}}},"4":{"name":"(anonymous_4)","decl":{"start":{"line":47,"column":39},"end":{"line":47,"column":40}},"loc":{"start":{"line":47,"column":49},"end":{"line":49,"column":7}}},"5":{"name":"(anonymous_5)","decl":{"start":{"line":50,"column":41},"end":{"line":50,"column":42}},"loc":{"start":{"line":50,"column":59},"end":{"line":58,"column":7}}},"6":{"name":"(anonymous_6)","decl":{"start":{"line":53,"column":10},"end":{"line":53,"column":11}},"loc":{"start":{"line":53,"column":20},"end":{"line":53,"column":46}}},"7":{"name":"(anonymous_7)","decl":{"start":{"line":59,"column":40},"end":{"line":59,"column":41}},"loc":{"start":{"line":59,"column":58},"end":{"line":61,"column":7}}}},"branchMap":{"0":{"loc":{"start":{"line":45,"column":22},"end":{"line":45,"column":59}},"type":"binary-expr","locations":[{"start":{"line":45,"column":22},"end":{"line":45,"column":36}},{"start":{"line":45,"column":40},"end":{"line":45,"column":59}}]},"1":{"loc":{"start":{"line":55,"column":8},"end":{"line":57,"column":9}},"type":"if","locations":[{"start":{"line":55,"column":8},"end":{"line":57,"column":9}}]},"2":{"loc":{"start":{"line":60,"column":22},"end":{"line":60,"column":59}},"type":"binary-expr","locations":[{"start":{"line":60,"column":22},"end":{"line":60,"column":36}},{"start":{"line":60,"column":40},"end":{"line":60,"column":59}}]}},"s":{"0":0,"1":0,"2":0,"3":0,"4":0,"5":0,"6":0,"7":0,"8":0,"9":0,"10":0,"11":0,"12":0,"13":0,"14":0,"15":0,"16":0,"17":0,"18":0,"19":0},"f":{"0":0,"1":0,"2":0,"3":0,"4":0,"5":0,"6":0,"7":0},"b":{"0":[0,0],"1":[0],"2":[0,0]}}
,"C:\\Users\\admin\\Desktop\\workoutBenach\\gym-project\\frontend\\src\\features\\Users\\SingleUser\\SingleUserAction.ts": {"path":"C:\\Users\\admin\\Desktop\\workoutBenach\\gym-project\\frontend\\src\\features\\Users\\SingleUser\\SingleUserAction.ts","statementMap":{"0":{"start":{"line":1,"column":0},"end":{"line":1,"column":52}},"1":{"start":{"line":3,"column":0},"end":{"line":3,"column":26}},"2":{"start":{"line":5,"column":13},"end":{"line":27,"column":3}},"3":{"start":{"line":9,"column":53},"end":{"line":27,"column":2}},"4":{"start":{"line":10,"column":18},"end":{"line":10,"column":51}},"5":{"start":{"line":12,"column":4},"end":{"line":14,"column":5}},"6":{"start":{"line":13,"column":8},"end":{"line":13,"column":54}},"7":{"start":{"line":16,"column":4},"end":{"line":26,"column":5}},"8":{"start":{"line":17,"column":25},"end":{"line":21,"column":10}},"9":{"start":{"line":22,"column":8},"end":{"line":22,"column":29}},"10":{"start":{"line":24,"column":8},"end":{"line":24,"column":50}},"11":{"start":{"line":25,"column":8},"end":{"line":25,"column":84}},"12":{"start":{"line":29,"column":13},"end":{"line":61,"column":2}},"13":{"start":{"line":35,"column":62},"end":{"line":60,"column":null}},"14":{"start":{"line":36,"column":22},"end":{"line":36,"column":55}},"15":{"start":{"line":38,"column":8},"end":{"line":40,"column":9}},"16":{"start":{"line":39,"column":12},"end":{"line":39,"column":58}},"17":{"start":{"line":42,"column":8},"end":{"line":59,"column":9}},"18":{"start":{"line":43,"column":29},"end":{"line":50,"column":null}},"19":{"start":{"line":52,"column":12},"end":{"line":52,"column":33}},"20":{"start":{"line":54,"column":12},"end":{"line":56,"column":13}},"21":{"start":{"line":55,"column":16},"end":{"line":55,"column":117}},"22":{"start":{"line":57,"column":12},"end":{"line":57,"column":60}},"23":{"start":{"line":58,"column":12},"end":{"line":58,"column":67}}},"fnMap":{"0":{"name":"(anonymous_8)","decl":{"start":{"line":9,"column":20},"end":{"line":9,"column":27}},"loc":{"start":{"line":9,"column":53},"end":{"line":27,"column":2}}},"1":{"name":"(anonymous_9)","decl":{"start":{"line":9,"column":53},"end":{"line":9,"column":null}},"loc":{"start":{"line":9,"column":49},"end":{"line":27,"column":1}}},"2":{"name":"(anonymous_10)","decl":{"start":{"line":35,"column":4},"end":{"line":35,"column":11}},"loc":{"start":{"line":35,"column":62},"end":{"line":60,"column":null}}},"3":{"name":"(anonymous_11)","decl":{"start":{"line":35,"column":62},"end":{"line":35,"column":null}},"loc":{"start":{"line":35,"column":58},"end":{"line":60,"column":5}}}},"branchMap":{"0":{"loc":{"start":{"line":12,"column":4},"end":{"line":14,"column":5}},"type":"if","locations":[{"start":{"line":12,"column":4},"end":{"line":14,"column":5}}]},"1":{"loc":{"start":{"line":25,"column":31},"end":{"line":25,"column":82}},"type":"binary-expr","locations":[{"start":{"line":25,"column":31},"end":{"line":25,"column":59}},{"start":{"line":25,"column":63},"end":{"line":25,"column":82}}]},"2":{"loc":{"start":{"line":25,"column":31},"end":{"line":25,"column":59}},"type":"cond-expr","locations":[{"start":{"line":25,"column":45},"end":{"line":25,"column":47}},{"start":{"line":25,"column":45},"end":{"line":25,"column":59}}]},"3":{"loc":{"start":{"line":25,"column":31},"end":{"line":25,"column":47}},"type":"binary-expr","locations":[{"start":{"line":25,"column":31},"end":{"line":25,"column":47}},{"start":{"line":25,"column":45},"end":{"line":25,"column":47}}]},"4":{"loc":{"start":{"line":38,"column":8},"end":{"line":40,"column":9}},"type":"if","locations":[{"start":{"line":38,"column":8},"end":{"line":40,"column":9}}]},"5":{"loc":{"start":{"line":54,"column":12},"end":{"line":56,"column":13}},"type":"if","locations":[{"start":{"line":54,"column":12},"end":{"line":56,"column":13}}]},"6":{"loc":{"start":{"line":55,"column":39},"end":{"line":55,"column":115}},"type":"binary-expr","locations":[{"start":{"line":55,"column":39},"end":{"line":55,"column":67}},{"start":{"line":55,"column":71},"end":{"line":55,"column":115}}]},"7":{"loc":{"start":{"line":55,"column":39},"end":{"line":55,"column":67}},"type":"cond-expr","locations":[{"start":{"line":55,"column":53},"end":{"line":55,"column":55}},{"start":{"line":55,"column":53},"end":{"line":55,"column":67}}]},"8":{"loc":{"start":{"line":55,"column":39},"end":{"line":55,"column":55}},"type":"binary-expr","locations":[{"start":{"line":55,"column":39},"end":{"line":55,"column":55}},{"start":{"line":55,"column":53},"end":{"line":55,"column":55}}]}},"s":{"0":0,"1":0,"2":0,"3":0,"4":0,"5":0,"6":0,"7":0,"8":0,"9":0,"10":0,"11":0,"12":0,"13":0,"14":0,"15":0,"16":0,"17":0,"18":0,"19":0,"20":0,"21":0,"22":0,"23":0},"f":{"0":0,"1":0,"2":0,"3":0},"b":{"0":[0],"1":[0,0],"2":[0,0],"3":[0,0],"4":[0],"5":[0],"6":[0,0],"7":[0,0],"8":[0,0]}}
,"C:\\Users\\admin\\Desktop\\workoutBenach\\gym-project\\frontend\\src\\features\\Users\\SingleUser\\SingleUserSLice.ts": {"path":"C:\\Users\\admin\\Desktop\\workoutBenach\\gym-project\\frontend\\src\\features\\Users\\SingleUser\\SingleUserSLice.ts","statementMap":{"0":{"start":{"line":1,"column":0},"end":{"line":1,"column":47}},"1":{"start":{"line":3,"column":0},"end":{"line":3,"column":63}},"2":{"start":{"line":7,"column":32},"end":{"line":11,"column":2}},"3":{"start":{"line":13,"column":48},"end":{"line":17,"column":2}},"4":{"start":{"line":20,"column":18},"end":{"line":40,"column":2}},"5":{"start":{"line":25,"column":4},"end":{"line":38,"column":9}},"6":{"start":{"line":27,"column":8},"end":{"line":27,"column":29}},"7":{"start":{"line":28,"column":8},"end":{"line":28,"column":27}},"8":{"start":{"line":31,"column":8},"end":{"line":31,"column":30}},"9":{"start":{"line":32,"column":8},"end":{"line":32,"column":27}},"10":{"start":{"line":33,"column":8},"end":{"line":33,"column":36}},"11":{"start":{"line":36,"column":8},"end":{"line":36,"column":30}},"12":{"start":{"line":37,"column":8},"end":{"line":37,"column":37}},"13":{"start":{"line":42,"column":24},"end":{"line":62,"column":2}},"14":{"start":{"line":47,"column":4},"end":{"line":60,"column":9}},"15":{"start":{"line":49,"column":8},"end":{"line":49,"column":29}},"16":{"start":{"line":50,"column":8},"end":{"line":50,"column":27}},"17":{"start":{"line":53,"column":8},"end":{"line":53,"column":30}},"18":{"start":{"line":54,"column":8},"end":{"line":54,"column":27}},"19":{"start":{"line":55,"column":8},"end":{"line":55,"column":42}},"20":{"start":{"line":58,"column":8},"end":{"line":58,"column":30}},"21":{"start":{"line":59,"column":8},"end":{"line":59,"column":37}},"22":{"start":{"line":65,"column":9},"end":{"line":65,"column":24}},"23":{"start":{"line":64,"column":0},"end":{"line":64,"column":25}}},"fnMap":{"0":{"name":"(anonymous_0)","decl":{"start":{"line":24,"column":17},"end":{"line":24,"column":18}},"loc":{"start":{"line":24,"column":29},"end":{"line":39,"column":3}}},"1":{"name":"(anonymous_1)","decl":{"start":{"line":26,"column":34},"end":{"line":26,"column":35}},"loc":{"start":{"line":26,"column":44},"end":{"line":29,"column":7}}},"2":{"name":"(anonymous_2)","decl":{"start":{"line":30,"column":36},"end":{"line":30,"column":37}},"loc":{"start":{"line":30,"column":54},"end":{"line":34,"column":7}}},"3":{"name":"(anonymous_3)","decl":{"start":{"line":35,"column":35},"end":{"line":35,"column":36}},"loc":{"start":{"line":35,"column":53},"end":{"line":38,"column":7}}},"4":{"name":"(anonymous_4)","decl":{"start":{"line":46,"column":17},"end":{"line":46,"column":18}},"loc":{"start":{"line":46,"column":29},"end":{"line":61,"column":3}}},"5":{"name":"(anonymous_5)","decl":{"start":{"line":48,"column":39},"end":{"line":48,"column":40}},"loc":{"start":{"line":48,"column":49},"end":{"line":51,"column":7}}},"6":{"name":"(anonymous_6)","decl":{"start":{"line":52,"column":41},"end":{"line":52,"column":42}},"loc":{"start":{"line":52,"column":59},"end":{"line":56,"column":7}}},"7":{"name":"(anonymous_7)","decl":{"start":{"line":57,"column":40},"end":{"line":57,"column":41}},"loc":{"start":{"line":57,"column":58},"end":{"line":60,"column":7}}}},"branchMap":{},"s":{"0":0,"1":0,"2":0,"3":0,"4":0,"5":0,"6":0,"7":0,"8":0,"9":0,"10":0,"11":0,"12":0,"13":0,"14":0,"15":0,"16":0,"17":0,"18":0,"19":0,"20":0,"21":0,"22":0,"23":0},"f":{"0":0,"1":0,"2":0,"3":0,"4":0,"5":0,"6":0,"7":0},"b":{}}
,"C:\\Users\\admin\\Desktop\\workoutBenach\\gym-project\\frontend\\src\\features\\WorkoutBooking\\WorkoutActions.ts": {"path":"C:\\Users\\admin\\Desktop\\workoutBenach\\gym-project\\frontend\\src\\features\\WorkoutBooking\\WorkoutActions.ts","statementMap":{"0":{"start":{"line":1,"column":0},"end":{"line":1,"column":52}},"1":{"start":{"line":3,"column":0},"end":{"line":3,"column":40}},"2":{"start":{"line":5,"column":13},"end":{"line":27,"column":3}},"3":{"start":{"line":9,"column":70},"end":{"line":27,"column":2}},"4":{"start":{"line":10,"column":16},"end":{"line":10,"column":49}},"5":{"start":{"line":12,"column":2},"end":{"line":14,"column":3}},"6":{"start":{"line":13,"column":4},"end":{"line":13,"column":56}},"7":{"start":{"line":16,"column":2},"end":{"line":26,"column":3}},"8":{"start":{"line":17,"column":21},"end":{"line":22,"column":6}},"9":{"start":{"line":23,"column":4},"end":{"line":23,"column":25}},"10":{"start":{"line":25,"column":4},"end":{"line":25,"column":79}},"11":{"start":{"line":29,"column":13},"end":{"line":51,"column":3}},"12":{"start":{"line":33,"column":58},"end":{"line":51,"column":2}},"13":{"start":{"line":34,"column":16},"end":{"line":34,"column":49}},"14":{"start":{"line":36,"column":2},"end":{"line":38,"column":3}},"15":{"start":{"line":37,"column":4},"end":{"line":37,"column":56}},"16":{"start":{"line":40,"column":2},"end":{"line":50,"column":3}},"17":{"start":{"line":41,"column":21},"end":{"line":46,"column":6}},"18":{"start":{"line":47,"column":4},"end":{"line":47,"column":25}},"19":{"start":{"line":49,"column":4},"end":{"line":49,"column":79}}},"fnMap":{"0":{"name":"(anonymous_8)","decl":{"start":{"line":9,"column":27},"end":{"line":9,"column":34}},"loc":{"start":{"line":9,"column":70},"end":{"line":27,"column":2}}},"1":{"name":"(anonymous_9)","decl":{"start":{"line":9,"column":70},"end":{"line":9,"column":null}},"loc":{"start":{"line":9,"column":66},"end":{"line":27,"column":1}}},"2":{"name":"(anonymous_10)","decl":{"start":{"line":33,"column":25},"end":{"line":33,"column":32}},"loc":{"start":{"line":33,"column":58},"end":{"line":51,"column":2}}},"3":{"name":"(anonymous_11)","decl":{"start":{"line":33,"column":58},"end":{"line":33,"column":null}},"loc":{"start":{"line":33,"column":54},"end":{"line":51,"column":1}}}},"branchMap":{"0":{"loc":{"start":{"line":12,"column":2},"end":{"line":14,"column":3}},"type":"if","locations":[{"start":{"line":12,"column":2},"end":{"line":14,"column":3}}]},"1":{"loc":{"start":{"line":25,"column":27},"end":{"line":25,"column":77}},"type":"binary-expr","locations":[{"start":{"line":25,"column":27},"end":{"line":25,"column":47}},{"start":{"line":25,"column":51},"end":{"line":25,"column":77}}]},"2":{"loc":{"start":{"line":25,"column":27},"end":{"line":25,"column":47}},"type":"cond-expr","locations":[{"start":{"line":25,"column":41},"end":{"line":25,"column":43}},{"start":{"line":25,"column":41},"end":{"line":25,"column":47}}]},"3":{"loc":{"start":{"line":25,"column":27},"end":{"line":25,"column":43}},"type":"binary-expr","locations":[{"start":{"line":25,"column":27},"end":{"line":25,"column":43}},{"start":{"line":25,"column":41},"end":{"line":25,"column":43}}]},"4":{"loc":{"start":{"line":36,"column":2},"end":{"line":38,"column":3}},"type":"if","locations":[{"start":{"line":36,"column":2},"end":{"line":38,"column":3}}]},"5":{"loc":{"start":{"line":49,"column":27},"end":{"line":49,"column":77}},"type":"binary-expr","locations":[{"start":{"line":49,"column":27},"end":{"line":49,"column":47}},{"start":{"line":49,"column":51},"end":{"line":49,"column":77}}]},"6":{"loc":{"start":{"line":49,"column":27},"end":{"line":49,"column":47}},"type":"cond-expr","locations":[{"start":{"line":49,"column":41},"end":{"line":49,"column":43}},{"start":{"line":49,"column":41},"end":{"line":49,"column":47}}]},"7":{"loc":{"start":{"line":49,"column":27},"end":{"line":49,"column":43}},"type":"binary-expr","locations":[{"start":{"line":49,"column":27},"end":{"line":49,"column":43}},{"start":{"line":49,"column":41},"end":{"line":49,"column":43}}]}},"s":{"0":0,"1":0,"2":0,"3":0,"4":0,"5":0,"6":0,"7":0,"8":0,"9":0,"10":0,"11":0,"12":0,"13":0,"14":0,"15":0,"16":0,"17":0,"18":0,"19":0},"f":{"0":0,"1":0,"2":0,"3":0},"b":{"0":[0],"1":[0,0],"2":[0,0],"3":[0,0],"4":[0],"5":[0,0],"6":[0,0],"7":[0,0]}}
,"C:\\Users\\admin\\Desktop\\workoutBenach\\gym-project\\frontend\\src\\features\\WorkoutBooking\\WorkoutSlice.ts": {"path":"C:\\Users\\admin\\Desktop\\workoutBenach\\gym-project\\frontend\\src\\features\\WorkoutBooking\\WorkoutSlice.ts","statementMap":{"0":{"start":{"line":1,"column":0},"end":{"line":1,"column":62}},"1":{"start":{"line":3,"column":0},"end":{"line":3,"column":67}},"2":{"start":{"line":5,"column":35},"end":{"line":9,"column":2}},"3":{"start":{"line":11,"column":49},"end":{"line":15,"column":2}},"4":{"start":{"line":17,"column":21},"end":{"line":40,"column":2}},"5":{"start":{"line":22,"column":4},"end":{"line":38,"column":null}},"6":{"start":{"line":25,"column":8},"end":{"line":25,"column":29}},"7":{"start":{"line":26,"column":8},"end":{"line":26,"column":27}},"8":{"start":{"line":31,"column":10},"end":{"line":31,"column":32}},"9":{"start":{"line":32,"column":10},"end":{"line":32,"column":47}},"10":{"start":{"line":36,"column":8},"end":{"line":36,"column":30}},"11":{"start":{"line":37,"column":8},"end":{"line":37,"column":37}},"12":{"start":{"line":42,"column":13},"end":{"line":62,"column":3}},"13":{"start":{"line":47,"column":4},"end":{"line":60,"column":9}},"14":{"start":{"line":49,"column":8},"end":{"line":49,"column":29}},"15":{"start":{"line":50,"column":8},"end":{"line":50,"column":27}},"16":{"start":{"line":53,"column":8},"end":{"line":53,"column":30}},"17":{"start":{"line":54,"column":8},"end":{"line":54,"column":43}},"18":{"start":{"line":58,"column":8},"end":{"line":58,"column":30}},"19":{"start":{"line":59,"column":8},"end":{"line":59,"column":37}},"20":{"start":{"line":65,"column":0},"end":{"line":65,"column":28}}},"fnMap":{"0":{"name":"(anonymous_0)","decl":{"start":{"line":21,"column":17},"end":{"line":21,"column":18}},"loc":{"start":{"line":21,"column":29},"end":{"line":39,"column":3}}},"1":{"name":"(anonymous_1)","decl":{"start":{"line":24,"column":38},"end":{"line":24,"column":39}},"loc":{"start":{"line":24,"column":48},"end":{"line":27,"column":7}}},"2":{"name":"(anonymous_2)","decl":{"start":{"line":30,"column":8},"end":{"line":30,"column":9}},"loc":{"start":{"line":30,"column":50},"end":{"line":33,"column":9}}},"3":{"name":"(anonymous_3)","decl":{"start":{"line":35,"column":39},"end":{"line":35,"column":40}},"loc":{"start":{"line":35,"column":99},"end":{"line":38,"column":7}}},"4":{"name":"(anonymous_4)","decl":{"start":{"line":46,"column":17},"end":{"line":46,"column":18}},"loc":{"start":{"line":46,"column":29},"end":{"line":61,"column":3}}},"5":{"name":"(anonymous_5)","decl":{"start":{"line":48,"column":41},"end":{"line":48,"column":42}},"loc":{"start":{"line":48,"column":51},"end":{"line":51,"column":7}}},"6":{"name":"(anonymous_6)","decl":{"start":{"line":52,"column":43},"end":{"line":52,"column":44}},"loc":{"start":{"line":52,"column":91},"end":{"line":55,"column":7}}},"7":{"name":"(anonymous_7)","decl":{"start":{"line":57,"column":42},"end":{"line":57,"column":43}},"loc":{"start":{"line":57,"column":102},"end":{"line":60,"column":7}}}},"branchMap":{"0":{"loc":{"start":{"line":32,"column":10},"end":{"line":32,"column":46}},"type":"cond-expr","locations":[{"start":{"line":32,"column":24},"end":{"line":32,"column":26}},{"start":{"line":32,"column":24},"end":{"line":32,"column":46}}]},"1":{"loc":{"start":{"line":32,"column":10},"end":{"line":32,"column":26}},"type":"binary-expr","locations":[{"start":{"line":32,"column":10},"end":{"line":32,"column":26}},{"start":{"line":32,"column":24},"end":{"line":32,"column":26}}]}},"s":{"0":0,"1":0,"2":0,"3":0,"4":0,"5":0,"6":0,"7":0,"8":0,"9":0,"10":0,"11":0,"12":0,"13":0,"14":0,"15":0,"16":0,"17":0,"18":0,"19":0,"20":0},"f":{"0":0,"1":0,"2":0,"3":0,"4":0,"5":0,"6":0,"7":0},"b":{"0":[0,0],"1":[0,0]}}
,"C:\\Users\\admin\\Desktop\\workoutBenach\\gym-project\\frontend\\src\\features\\WorkoutBooking\\WorkoutTypes.ts": {"path":"C:\\Users\\admin\\Desktop\\workoutBenach\\gym-project\\frontend\\src\\features\\WorkoutBooking\\WorkoutTypes.ts","statementMap":{"0":{"start":{"line":1,"column":0},"end":{"line":1,"column":null}},"1":{"start":{"line":2,"column":2},"end":{"line":2,"column":null}},"2":{"start":{"line":3,"column":2},"end":{"line":3,"column":null}},"3":{"start":{"line":4,"column":2},"end":{"line":4,"column":null}}},"fnMap":{"0":{"name":"(anonymous_0)","decl":{"start":{"line":1,"column":0},"end":{"line":1,"column":12}},"loc":{"start":{"line":1,"column":25},"end":{"line":5,"column":1}}}},"branchMap":{"0":{"loc":{"start":{"line":1,"column":12},"end":{"line":1,"column":null}},"type":"binary-expr","locations":[{"start":{"line":1,"column":12},"end":{"line":1,"column":25}},{"start":{"line":1,"column":25},"end":{"line":1,"column":null}}]}},"s":{"0":0,"1":0,"2":0,"3":0},"f":{"0":0},"b":{"0":[0,0]}}
,"C:\\Users\\admin\\Desktop\\workoutBenach\\gym-project\\frontend\\src\\hooks\\DispatchHook.ts": {"path":"C:\\Users\\admin\\Desktop\\workoutBenach\\gym-project\\frontend\\src\\hooks\\DispatchHook.ts","statementMap":{"0":{"start":{"line":1,"column":0},"end":{"line":1,"column":77}},"1":{"start":{"line":4,"column":30},"end":{"line":4,"column":62}},"2":{"start":{"line":4,"column":36},"end":{"line":4,"column":62}},"3":{"start":{"line":4,"column":13},"end":{"line":4,"column":30}},"4":{"start":{"line":5,"column":13},"end":{"line":5,"column":75}}},"fnMap":{"0":{"name":"(anonymous_0)","decl":{"start":{"line":4,"column":30},"end":{"line":4,"column":33}},"loc":{"start":{"line":4,"column":36},"end":{"line":4,"column":62}}}},"branchMap":{},"s":{"0":0,"1":0,"2":0,"3":0,"4":0},"f":{"0":0},"b":{}}
,"C:\\Users\\admin\\Desktop\\workoutBenach\\gym-project\\frontend\\src\\hooks\\useToggle.ts": {"path":"C:\\Users\\admin\\Desktop\\workoutBenach\\gym-project\\frontend\\src\\hooks\\useToggle.ts","statementMap":{"0":{"start":{"line":1,"column":0},"end":{"line":1,"column":33}},"1":{"start":{"line":3,"column":25},"end":{"line":8,"column":1}},"2":{"start":{"line":4,"column":42},"end":{"line":4,"column":64}},"3":{"start":{"line":6,"column":20},"end":{"line":6,"column":58}},"4":{"start":{"line":6,"column":28},"end":{"line":6,"column":57}},"5":{"start":{"line":7,"column":4},"end":{"line":7,"column":null}},"6":{"start":{"line":3,"column":13},"end":{"line":3,"column":25}}},"fnMap":{"0":{"name":"(anonymous_0)","decl":{"start":{"line":3,"column":25},"end":{"line":3,"column":26}},"loc":{"start":{"line":3,"column":74},"end":{"line":8,"column":1}}},"1":{"name":"(anonymous_1)","decl":{"start":{"line":6,"column":20},"end":{"line":6,"column":23}},"loc":{"start":{"line":6,"column":25},"end":{"line":6,"column":58}}}},"branchMap":{},"s":{"0":0,"1":0,"2":0,"3":0,"4":0,"5":0,"6":0},"f":{"0":0,"1":0},"b":{}}
,"C:\\Users\\admin\\Desktop\\workoutBenach\\gym-project\\frontend\\src\\pages\\Error.tsx": {"path":"C:\\Users\\admin\\Desktop\\workoutBenach\\gym-project\\frontend\\src\\pages\\Error.tsx","statementMap":{"0":{"start":{"line":3,"column":0},"end":{"line":3,"column":24}},"1":{"start":{"line":1,"column":0},"end":{"line":1,"column":49}},"2":{"start":{"line":4,"column":18},"end":{"line":4,"column":56}},"3":{"start":{"line":6,"column":16},"end":{"line":6,"column":35}},"4":{"start":{"line":7,"column":18},"end":{"line":7,"column":41}},"5":{"start":{"line":9,"column":4},"end":{"line":29,"column":5}},"6":{"start":{"line":11,"column":12},"end":{"line":11,"column":33}},"7":{"start":{"line":12,"column":12},"end":{"line":12,"column":61}},"8":{"start":{"line":13,"column":12},"end":{"line":13,"column":18}},"9":{"start":{"line":15,"column":12},"end":{"line":15,"column":36}},"10":{"start":{"line":16,"column":12},"end":{"line":16,"column":66}},"11":{"start":{"line":17,"column":12},"end":{"line":17,"column":18}},"12":{"start":{"line":19,"column":12},"end":{"line":19,"column":33}},"13":{"start":{"line":20,"column":12},"end":{"line":20,"column":62}},"14":{"start":{"line":21,"column":12},"end":{"line":21,"column":18}},"15":{"start":{"line":23,"column":12},"end":{"line":23,"column":36}},"16":{"start":{"line":24,"column":12},"end":{"line":24,"column":61}},"17":{"start":{"line":25,"column":12},"end":{"line":25,"column":18}},"18":{"start":{"line":27,"column":12},"end":{"line":27,"column":41}},"19":{"start":{"line":28,"column":12},"end":{"line":28,"column":46}},"20":{"start":{"line":31,"column":4},"end":{"line":36,"column":6}}},"fnMap":{"0":{"name":"ErrorPage","decl":{"start":{"line":3,"column":24},"end":{"line":3,"column":33}},"loc":{"start":{"line":3,"column":33},"end":{"line":37,"column":1}}}},"branchMap":{"0":{"loc":{"start":{"line":9,"column":4},"end":{"line":29,"column":5}},"type":"switch","locations":[{"start":{"line":10,"column":8},"end":{"line":13,"column":18}},{"start":{"line":14,"column":8},"end":{"line":17,"column":18}},{"start":{"line":18,"column":8},"end":{"line":21,"column":18}},{"start":{"line":22,"column":8},"end":{"line":25,"column":18}},{"start":{"line":26,"column":8},"end":{"line":28,"column":46}}]}},"s":{"0":0,"1":0,"2":0,"3":0,"4":0,"5":0,"6":0,"7":0,"8":0,"9":0,"10":0,"11":0,"12":0,"13":0,"14":0,"15":0,"16":0,"17":0,"18":0,"19":0,"20":0},"f":{"0":0},"b":{"0":[0,0,0,0,0]}}
,"C:\\Users\\admin\\Desktop\\workoutBenach\\gym-project\\frontend\\src\\pages\\Home.tsx": {"path":"C:\\Users\\admin\\Desktop\\workoutBenach\\gym-project\\frontend\\src\\pages\\Home.tsx","statementMap":{"0":{"start":{"line":1,"column":0},"end":{"line":1,"column":58}},"1":{"start":{"line":4,"column":27},"end":{"line":10,"column":1}},"2":{"start":{"line":5,"column":2},"end":{"line":9,"column":4}},"3":{"start":{"line":12,"column":0},"end":{"line":12,"column":24}}},"fnMap":{"0":{"name":"(anonymous_1)","decl":{"start":{"line":4,"column":27},"end":{"line":4,"column":30}},"loc":{"start":{"line":4,"column":32},"end":{"line":10,"column":1}}}},"branchMap":{},"s":{"0":0,"1":0,"2":0,"3":0},"f":{"0":0},"b":{}}
,"C:\\Users\\admin\\Desktop\\workoutBenach\\gym-project\\frontend\\src\\pages\\Root.tsx": {"path":"C:\\Users\\admin\\Desktop\\workoutBenach\\gym-project\\frontend\\src\\pages\\Root.tsx","statementMap":{"0":{"start":{"line":2,"column":0},"end":{"line":2,"column":55}},"1":{"start":{"line":3,"column":0},"end":{"line":3,"column":49}},"2":{"start":{"line":4,"column":0},"end":{"line":4,"column":58}},"3":{"start":{"line":5,"column":0},"end":{"line":5,"column":55}},"4":{"start":{"line":7,"column":29},"end":{"line":38,"column":1}},"5":{"start":{"line":8,"column":19},"end":{"line":8,"column":32}},"6":{"start":{"line":9,"column":25},"end":{"line":9,"column":43}},"7":{"start":{"line":10,"column":19},"end":{"line":10,"column":56}},"8":{"start":{"line":10,"column":45},"end":{"line":10,"column":55}},"9":{"start":{"line":12,"column":27},"end":{"line":23,"column":3}},"10":{"start":{"line":13,"column":4},"end":{"line":21,"column":5}},"11":{"start":{"line":14,"column":6},"end":{"line":14,"column":26}},"12":{"start":{"line":15,"column":11},"end":{"line":21,"column":5}},"13":{"start":{"line":16,"column":6},"end":{"line":16,"column":23}},"14":{"start":{"line":17,"column":11},"end":{"line":21,"column":5}},"15":{"start":{"line":18,"column":6},"end":{"line":18,"column":21}},"16":{"start":{"line":19,"column":11},"end":{"line":21,"column":5}},"17":{"start":{"line":20,"column":6},"end":{"line":20,"column":36}},"18":{"start":{"line":22,"column":4},"end":{"line":22,"column":14}},"19":{"start":{"line":25,"column":2},"end":{"line":37,"column":4}},"20":{"start":{"line":40,"column":0},"end":{"line":40,"column":26}}},"fnMap":{"0":{"name":"(anonymous_1)","decl":{"start":{"line":7,"column":29},"end":{"line":7,"column":32}},"loc":{"start":{"line":7,"column":34},"end":{"line":38,"column":1}}},"1":{"name":"(anonymous_2)","decl":{"start":{"line":10,"column":34},"end":{"line":10,"column":35}},"loc":{"start":{"line":10,"column":45},"end":{"line":10,"column":55}}},"2":{"name":"(anonymous_3)","decl":{"start":{"line":12,"column":27},"end":{"line":12,"column":30}},"loc":{"start":{"line":12,"column":32},"end":{"line":23,"column":3}}}},"branchMap":{"0":{"loc":{"start":{"line":13,"column":4},"end":{"line":21,"column":5}},"type":"if","locations":[{"start":{"line":13,"column":4},"end":{"line":21,"column":5}},{"start":{"line":15,"column":11},"end":{"line":21,"column":5}}]},"1":{"loc":{"start":{"line":15,"column":11},"end":{"line":21,"column":5}},"type":"if","locations":[{"start":{"line":15,"column":11},"end":{"line":21,"column":5}},{"start":{"line":17,"column":11},"end":{"line":21,"column":5}}]},"2":{"loc":{"start":{"line":17,"column":11},"end":{"line":21,"column":5}},"type":"if","locations":[{"start":{"line":17,"column":11},"end":{"line":21,"column":5}},{"start":{"line":19,"column":11},"end":{"line":21,"column":5}}]},"3":{"loc":{"start":{"line":19,"column":11},"end":{"line":21,"column":5}},"type":"if","locations":[{"start":{"line":19,"column":11},"end":{"line":21,"column":5}}]},"4":{"loc":{"start":{"line":20,"column":23},"end":{"line":20,"column":33}},"type":"cond-expr","locations":[{"start":{"line":20,"column":27},"end":{"line":20,"column":29}},{"start":{"line":20,"column":23},"end":{"line":20,"column":33}}]},"5":{"loc":{"start":{"line":20,"column":23},"end":{"line":20,"column":29}},"type":"binary-expr","locations":[{"start":{"line":20,"column":23},"end":{"line":20,"column":29}},{"start":{"line":20,"column":23},"end":{"line":20,"column":29}}]},"6":{"loc":{"start":{"line":27,"column":7},"end":{"line":31,"column":null}},"type":"binary-expr","locations":[{"start":{"line":27,"column":7},"end":{"line":27,"column":50}},{"start":{"line":28,"column":8},"end":{"line":30,"column":null}}]}},"s":{"0":0,"1":0,"2":0,"3":0,"4":0,"5":0,"6":0,"7":0,"8":0,"9":0,"10":0,"11":0,"12":0,"13":0,"14":0,"15":0,"16":0,"17":0,"18":0,"19":0,"20":0},"f":{"0":0,"1":0,"2":0},"b":{"0":[0,0],"1":[0,0],"2":[0,0],"3":[0],"4":[0,0],"5":[0,0],"6":[0,0]}}
,"C:\\Users\\admin\\Desktop\\workoutBenach\\gym-project\\frontend\\src\\pages\\Workouts\\workouts-mock.tsx": {"path":"C:\\Users\\admin\\Desktop\\workoutBenach\\gym-project\\frontend\\src\\pages\\Workouts\\workouts-mock.tsx","statementMap":{"0":{"start":{"line":2,"column":13},"end":{"line":59,"column":4}}},"fnMap":{},"branchMap":{},"s":{"0":0},"f":{},"b":{}}
,"C:\\Users\\admin\\Desktop\\workoutBenach\\gym-project\\frontend\\src\\shared\\Buttons\\button.tsx": {"path":"C:\\Users\\admin\\Desktop\\workoutBenach\\gym-project\\frontend\\src\\shared\\Buttons\\button.tsx","statementMap":{"0":{"start":{"line":11,"column":38},"end":{"line":29,"column":1}},"1":{"start":{"line":19,"column":2},"end":{"line":28,"column":4}},"2":{"start":{"line":31,"column":0},"end":{"line":31,"column":22}}},"fnMap":{"0":{"name":"(anonymous_0)","decl":{"start":{"line":11,"column":38},"end":{"line":11,"column":39}},"loc":{"start":{"line":18,"column":5},"end":{"line":29,"column":1}}}},"branchMap":{"0":{"loc":{"start":{"line":12,"column":2},"end":{"line":12,"column":17}},"type":"default-arg","locations":[{"start":{"line":12,"column":9},"end":{"line":12,"column":17}}]}},"s":{"0":0,"1":0,"2":0},"f":{"0":0},"b":{"0":[0]}}
,"C:\\Users\\admin\\Desktop\\workoutBenach\\gym-project\\frontend\\src\\shared\\Dialogs\\ErrorDialog.tsx": {"path":"C:\\Users\\admin\\Desktop\\workoutBenach\\gym-project\\frontend\\src\\shared\\Dialogs\\ErrorDialog.tsx","statementMap":{"0":{"start":{"line":1,"column":0},"end":{"line":1,"column":null}},"1":{"start":{"line":8,"column":0},"end":{"line":8,"column":50}},"2":{"start":{"line":16,"column":48},"end":{"line":94,"column":1}},"3":{"start":{"line":21,"column":2},"end":{"line":93,"column":4}},"4":{"start":{"line":96,"column":0},"end":{"line":96,"column":27}}},"fnMap":{"0":{"name":"(anonymous_1)","decl":{"start":{"line":16,"column":48},"end":{"line":16,"column":49}},"loc":{"start":{"line":20,"column":5},"end":{"line":94,"column":1}}}},"branchMap":{},"s":{"0":0,"1":0,"2":0,"3":0,"4":0},"f":{"0":0},"b":{}}
,"C:\\Users\\admin\\Desktop\\workoutBenach\\gym-project\\frontend\\src\\shared\\Dialogs\\SuccessDialog.tsx": {"path":"C:\\Users\\admin\\Desktop\\workoutBenach\\gym-project\\frontend\\src\\shared\\Dialogs\\SuccessDialog.tsx","statementMap":{"0":{"start":{"line":1,"column":0},"end":{"line":1,"column":null}},"1":{"start":{"line":8,"column":0},"end":{"line":8,"column":62}},"2":{"start":{"line":18,"column":52},"end":{"line":105,"column":1}},"3":{"start":{"line":25,"column":2},"end":{"line":104,"column":4}},"4":{"start":{"line":107,"column":0},"end":{"line":107,"column":29}}},"fnMap":{"0":{"name":"(anonymous_1)","decl":{"start":{"line":18,"column":52},"end":{"line":18,"column":53}},"loc":{"start":{"line":24,"column":5},"end":{"line":105,"column":1}}}},"branchMap":{"0":{"loc":{"start":{"line":85,"column":11},"end":{"line":85,"column":46}},"type":"binary-expr","locations":[{"start":{"line":85,"column":11},"end":{"line":85,"column":19}},{"start":{"line":85,"column":23},"end":{"line":85,"column":46}}]}},"s":{"0":0,"1":0,"2":0,"3":0,"4":0},"f":{"0":0},"b":{"0":[0,0]}}
,"C:\\Users\\admin\\Desktop\\workoutBenach\\gym-project\\frontend\\src\\shared\\Inputs\\input.tsx": {"path":"C:\\Users\\admin\\Desktop\\workoutBenach\\gym-project\\frontend\\src\\shared\\Inputs\\input.tsx","statementMap":{"0":{"start":{"line":13,"column":36},"end":{"line":38,"column":1}},"1":{"start":{"line":22,"column":2},"end":{"line":37,"column":4}},"2":{"start":{"line":40,"column":0},"end":{"line":40,"column":21}}},"fnMap":{"0":{"name":"(anonymous_0)","decl":{"start":{"line":13,"column":36},"end":{"line":13,"column":37}},"loc":{"start":{"line":21,"column":5},"end":{"line":38,"column":1}}}},"branchMap":{"0":{"loc":{"start":{"line":15,"column":2},"end":{"line":15,"column":15}},"type":"default-arg","locations":[{"start":{"line":15,"column":9},"end":{"line":15,"column":15}}]},"1":{"loc":{"start":{"line":32,"column":10},"end":{"line":32,"column":null}},"type":"cond-expr","locations":[{"start":{"line":32,"column":18},"end":{"line":32,"column":34}},{"start":{"line":32,"column":37},"end":{"line":32,"column":null}}]},"2":{"loc":{"start":{"line":35,"column":7},"end":{"line":35,"column":68}},"type":"binary-expr","locations":[{"start":{"line":35,"column":7},"end":{"line":35,"column":12}},{"start":{"line":35,"column":16},"end":{"line":35,"column":68}}]}},"s":{"0":0,"1":0,"2":0},"f":{"0":0},"b":{"0":[0],"1":[0,0],"2":[0,0]}}
,"C:\\Users\\admin\\Desktop\\workoutBenach\\gym-project\\frontend\\src\\shared\\LoginToggleLink\\LoginToggleLink.tsx": {"path":"C:\\Users\\admin\\Desktop\\workoutBenach\\gym-project\\frontend\\src\\shared\\LoginToggleLink\\LoginToggleLink.tsx","statementMap":{"0":{"start":{"line":1,"column":0},"end":{"line":1,"column":40}},"1":{"start":{"line":9,"column":46},"end":{"line":24,"column":1}},"2":{"start":{"line":10,"column":4},"end":{"line":23,"column":6}},"3":{"start":{"line":26,"column":0},"end":{"line":26,"column":31}}},"fnMap":{"0":{"name":"(anonymous_0)","decl":{"start":{"line":9,"column":46},"end":{"line":9,"column":47}},"loc":{"start":{"line":9,"column":78},"end":{"line":24,"column":1}}}},"branchMap":{},"s":{"0":0,"1":0,"2":0,"3":0},"f":{"0":0},"b":{}}
,"C:\\Users\\admin\\Desktop\\workoutBenach\\gym-project\\frontend\\src\\utils\\targetactivity.ts": {"path":"C:\\Users\\admin\\Desktop\\workoutBenach\\gym-project\\frontend\\src\\utils\\targetactivity.ts","statementMap":{"0":{"start":{"line":13,"column":13},"end":{"line":44,"column":2}},"1":{"start":{"line":47,"column":13},"end":{"line":78,"column":null}}},"fnMap":{},"branchMap":{},"s":{"0":0,"1":0},"f":{},"b":{}}
,"C:\\Users\\admin\\Desktop\\workoutBenach\\gym-project\\frontend\\src\\utils\\ValidationsSchemas\\validations.ts": {"path":"C:\\Users\\admin\\Desktop\\workoutBenach\\gym-project\\frontend\\src\\utils\\ValidationsSchemas\\validations.ts","statementMap":{"0":{"start":{"line":1,"column":0},"end":{"line":1,"column":27}},"1":{"start":{"line":3,"column":13},"end":{"line":18,"column":3}},"2":{"start":{"line":20,"column":13},"end":{"line":23,"column":3}},"3":{"start":{"line":25,"column":13},"end":{"line":29,"column":3}}},"fnMap":{},"branchMap":{},"s":{"0":0,"1":0,"2":0,"3":0},"f":{},"b":{}}
}
